{"/home/travis/build/npmtest/node-npmtest-regexgen/test.js":{"path":"/home/travis/build/npmtest/node-npmtest-regexgen/test.js","s":{"1":2,"2":2,"3":2,"4":2,"5":2,"6":2,"7":2,"8":1,"9":2,"10":2,"11":1,"12":1,"13":1,"14":1,"15":2,"16":2,"17":2,"18":2,"19":1,"20":1,"21":2,"22":2,"23":2,"24":1,"25":1,"26":1,"27":1,"28":1,"29":1,"30":1,"31":1,"32":1,"33":1,"34":1,"35":1,"36":1,"37":1,"38":1,"39":2,"40":2,"41":1,"42":2,"43":2,"44":1,"45":2,"46":2,"47":1,"48":2,"49":2,"50":1,"51":1,"52":1,"53":1,"54":1},"b":{"1":[2,1,1,1],"2":[1,1,1,1],"3":[1,1],"4":[1,1],"5":[1,1],"6":[1,1],"7":[1,1],"8":[1,1],"9":[1,1],"10":[1,1,1],"11":[1,1],"12":[1,1],"13":[1,1],"14":[1,1],"15":[1,1],"16":[1,1],"17":[1,1]},"f":{"1":2,"2":2,"3":2,"4":2,"5":2,"6":1,"7":1,"8":1,"9":2,"10":2,"11":2,"12":2,"13":1},"fnMap":{"1":{"name":"(anonymous_1)","line":12,"loc":{"start":{"line":12,"column":1},"end":{"line":12,"column":13}}},"2":{"name":"(anonymous_2)","line":19,"loc":{"start":{"line":19,"column":5},"end":{"line":19,"column":17}}},"3":{"name":"(anonymous_3)","line":23,"loc":{"start":{"line":23,"column":24},"end":{"line":23,"column":36}}},"4":{"name":"(anonymous_4)","line":61,"loc":{"start":{"line":61,"column":5},"end":{"line":61,"column":17}}},"5":{"name":"(anonymous_5)","line":82,"loc":{"start":{"line":82,"column":5},"end":{"line":82,"column":17}}},"6":{"name":"(anonymous_6)","line":91,"loc":{"start":{"line":91,"column":77},"end":{"line":94,"column":10}}},"7":{"name":"(anonymous_7)","line":112,"loc":{"start":{"line":112,"column":83},"end":{"line":115,"column":10}},"skip":true},"8":{"name":"(anonymous_8)","line":123,"loc":{"start":{"line":123,"column":77},"end":{"line":126,"column":10}},"skip":true},"9":{"name":"(anonymous_9)","line":139,"loc":{"start":{"line":139,"column":12},"end":{"line":139,"column":40}},"skip":true},"10":{"name":"(anonymous_10)","line":147,"loc":{"start":{"line":147,"column":77},"end":{"line":150,"column":10}},"skip":true},"11":{"name":"(anonymous_11)","line":158,"loc":{"start":{"line":158,"column":83},"end":{"line":161,"column":10}},"skip":true},"12":{"name":"(anonymous_12)","line":169,"loc":{"start":{"line":169,"column":79},"end":{"line":172,"column":10}},"skip":true},"13":{"name":"(anonymous_13)","line":180,"loc":{"start":{"line":180,"column":75},"end":{"line":183,"column":10}},"skip":true}},"statementMap":{"1":{"start":{"line":12,"column":0},"end":{"line":195,"column":5}},"2":{"start":{"line":14,"column":4},"end":{"line":14,"column":14}},"3":{"start":{"line":19,"column":4},"end":{"line":56,"column":9}},"4":{"start":{"line":21,"column":8},"end":{"line":21,"column":19}},"5":{"start":{"line":23,"column":8},"end":{"line":35,"column":13}},"6":{"start":{"line":24,"column":12},"end":{"line":34,"column":13}},"7":{"start":{"line":25,"column":16},"end":{"line":28,"column":30}},"8":{"start":{"line":30,"column":16},"end":{"line":33,"column":27}},"9":{"start":{"line":37,"column":8},"end":{"line":39,"column":21}},"10":{"start":{"line":40,"column":8},"end":{"line":53,"column":9}},"11":{"start":{"line":43,"column":12},"end":{"line":46,"column":14}},"12":{"start":{"line":47,"column":12},"end":{"line":47,"column":18}},"13":{"start":{"line":50,"column":12},"end":{"line":51,"column":33}},"14":{"start":{"line":52,"column":12},"end":{"line":52,"column":18}},"15":{"start":{"line":55,"column":8},"end":{"line":55,"column":35}},"16":{"start":{"line":61,"column":4},"end":{"line":63,"column":9}},"17":{"start":{"line":62,"column":8},"end":{"line":62,"column":15}},"18":{"start":{"line":64,"column":4},"end":{"line":77,"column":5}},"19":{"start":{"line":70,"column":8},"end":{"line":70,"column":14}},"20":{"start":{"line":76,"column":8},"end":{"line":76,"column":14}},"21":{"start":{"line":82,"column":4},"end":{"line":84,"column":9}},"22":{"start":{"line":83,"column":8},"end":{"line":83,"column":15}},"23":{"start":{"line":85,"column":4},"end":{"line":194,"column":5}},"24":{"start":{"line":91,"column":8},"end":{"line":99,"column":10}},"25":{"start":{"line":98,"column":12},"end":{"line":98,"column":35}},"26":{"start":{"line":102,"column":8},"end":{"line":104,"column":63}},"27":{"start":{"line":105,"column":8},"end":{"line":105,"column":14}},"28":{"start":{"line":112,"column":8},"end":{"line":121,"column":10},"skip":true},"29":{"start":{"line":119,"column":12},"end":{"line":119,"column":55},"skip":true},"30":{"start":{"line":120,"column":12},"end":{"line":120,"column":48},"skip":true},"31":{"start":{"line":123,"column":8},"end":{"line":136,"column":10},"skip":true},"32":{"start":{"line":130,"column":12},"end":{"line":130,"column":76},"skip":true},"33":{"start":{"line":131,"column":12},"end":{"line":131,"column":73},"skip":true},"34":{"start":{"line":132,"column":12},"end":{"line":132,"column":74},"skip":true},"35":{"start":{"line":133,"column":12},"end":{"line":133,"column":79},"skip":true},"36":{"start":{"line":134,"column":12},"end":{"line":134,"column":25},"skip":true},"37":{"start":{"line":135,"column":12},"end":{"line":135,"column":45},"skip":true},"38":{"start":{"line":138,"column":8},"end":{"line":145,"column":14},"skip":true},"39":{"start":{"line":143,"column":16},"end":{"line":143,"column":29},"skip":true},"40":{"start":{"line":144,"column":16},"end":{"line":144,"column":55},"skip":true},"41":{"start":{"line":147,"column":8},"end":{"line":156,"column":10},"skip":true},"42":{"start":{"line":154,"column":12},"end":{"line":154,"column":25},"skip":true},"43":{"start":{"line":155,"column":12},"end":{"line":155,"column":45},"skip":true},"44":{"start":{"line":158,"column":8},"end":{"line":167,"column":10},"skip":true},"45":{"start":{"line":165,"column":12},"end":{"line":165,"column":25},"skip":true},"46":{"start":{"line":166,"column":12},"end":{"line":166,"column":48},"skip":true},"47":{"start":{"line":169,"column":8},"end":{"line":178,"column":10},"skip":true},"48":{"start":{"line":176,"column":12},"end":{"line":176,"column":25},"skip":true},"49":{"start":{"line":177,"column":12},"end":{"line":177,"column":46},"skip":true},"50":{"start":{"line":180,"column":8},"end":{"line":189,"column":10},"skip":true},"51":{"start":{"line":187,"column":12},"end":{"line":187,"column":94},"skip":true},"52":{"start":{"line":188,"column":12},"end":{"line":188,"column":48},"skip":true},"53":{"start":{"line":192,"column":8},"end":{"line":192,"column":35},"skip":true},"54":{"start":{"line":193,"column":8},"end":{"line":193,"column":14},"skip":true}},"branchMap":{"1":{"line":25,"type":"binary-expr","locations":[{"start":{"line":25,"column":23},"end":{"line":25,"column":62}},{"start":{"line":26,"column":20},"end":{"line":26,"column":70}},{"start":{"line":27,"column":20},"end":{"line":27,"column":71}},{"start":{"line":28,"column":20},"end":{"line":28,"column":29}}]},"2":{"line":30,"type":"binary-expr","locations":[{"start":{"line":30,"column":23},"end":{"line":30,"column":37}},{"start":{"line":31,"column":20},"end":{"line":31,"column":61}},{"start":{"line":32,"column":20},"end":{"line":32,"column":70}},{"start":{"line":33,"column":20},"end":{"line":33,"column":26}}]},"3":{"line":37,"type":"cond-expr","locations":[{"start":{"line":38,"column":14},"end":{"line":38,"column":20}},{"start":{"line":39,"column":14},"end":{"line":39,"column":20}}]},"4":{"line":40,"type":"switch","locations":[{"start":{"line":42,"column":8},"end":{"line":47,"column":18}},{"start":{"line":49,"column":8},"end":{"line":52,"column":18}}]},"5":{"line":44,"type":"binary-expr","locations":[{"start":{"line":44,"column":16},"end":{"line":44,"column":44}},{"start":{"line":44,"column":48},"end":{"line":44,"column":66}}]},"6":{"line":50,"type":"binary-expr","locations":[{"start":{"line":50,"column":21},"end":{"line":50,"column":49}},{"start":{"line":50,"column":53},"end":{"line":50,"column":72}}]},"7":{"line":64,"type":"switch","locations":[{"start":{"line":69,"column":4},"end":{"line":70,"column":14}},{"start":{"line":75,"column":4},"end":{"line":76,"column":14}}]},"8":{"line":85,"type":"switch","locations":[{"start":{"line":90,"column":4},"end":{"line":105,"column":14}},{"start":{"line":111,"column":4},"end":{"line":193,"column":14},"skip":true}]},"9":{"line":91,"type":"binary-expr","locations":[{"start":{"line":91,"column":42},"end":{"line":91,"column":73}},{"start":{"line":91,"column":77},"end":{"line":99,"column":9}}]},"10":{"line":102,"type":"binary-expr","locations":[{"start":{"line":102,"column":18},"end":{"line":102,"column":32}},{"start":{"line":103,"column":12},"end":{"line":103,"column":53}},{"start":{"line":104,"column":12},"end":{"line":104,"column":61}}]},"11":{"line":112,"type":"binary-expr","locations":[{"start":{"line":112,"column":45},"end":{"line":112,"column":79},"skip":true},{"start":{"line":112,"column":83},"end":{"line":121,"column":9},"skip":true}]},"12":{"line":123,"type":"binary-expr","locations":[{"start":{"line":123,"column":42},"end":{"line":123,"column":73},"skip":true},{"start":{"line":123,"column":77},"end":{"line":136,"column":9},"skip":true}]},"13":{"line":138,"type":"binary-expr","locations":[{"start":{"line":138,"column":48},"end":{"line":138,"column":85},"skip":true},{"start":{"line":139,"column":12},"end":{"line":145,"column":13},"skip":true}]},"14":{"line":147,"type":"binary-expr","locations":[{"start":{"line":147,"column":42},"end":{"line":147,"column":73},"skip":true},{"start":{"line":147,"column":77},"end":{"line":156,"column":9},"skip":true}]},"15":{"line":158,"type":"binary-expr","locations":[{"start":{"line":158,"column":45},"end":{"line":158,"column":79},"skip":true},{"start":{"line":158,"column":83},"end":{"line":167,"column":9},"skip":true}]},"16":{"line":169,"type":"binary-expr","locations":[{"start":{"line":169,"column":43},"end":{"line":169,"column":75},"skip":true},{"start":{"line":169,"column":79},"end":{"line":178,"column":9},"skip":true}]},"17":{"line":180,"type":"binary-expr","locations":[{"start":{"line":180,"column":41},"end":{"line":180,"column":71},"skip":true},{"start":{"line":180,"column":75},"end":{"line":189,"column":9},"skip":true}]}},"code":["/* istanbul instrument in package npmtest_regexgen */","/*jslint","    bitwise: true,","    browser: true,","    maxerr: 8,","    maxlen: 96,","    node: true,","    nomen: true,","    regexp: true,","    stupid: true","*/","(function () {","    'use strict';","    var local;","","","","    // run shared js-env code - init-before","    (function () {","        // init local","        local = {};","        // init modeJs","        local.modeJs = (function () {","            try {","                return typeof navigator.userAgent === 'string' &&","                    typeof document.querySelector('body') === 'object' &&","                    typeof XMLHttpRequest.prototype.open === 'function' &&","                    'browser';","            } catch (errorCaughtBrowser) {","                return module.exports &&","                    typeof process.versions.node === 'string' &&","                    typeof require('http').createServer === 'function' &&","                    'node';","            }","        }());","        // init global","        local.global = local.modeJs === 'browser'","            ? window","            : global;","        switch (local.modeJs) {","        // re-init local from window.local","        case 'browser':","            local = local.global.utility2.objectSetDefault(","                local.global.utility2_rollup || local.global.local,","                local.global.utility2","            );","            break;","        // re-init local from example.js","        case 'node':","            local = (local.global.utility2_rollup || require('utility2'))","                .requireReadme();","            break;","        }","        // export local","        local.global.local = local;","    }());","","","","    // run shared js-env code - function","    (function () {","        return;","    }());","    switch (local.modeJs) {","","","","    // run browser js-env code - function","    case 'browser':","        break;","","","","    // run node js-env code - function","    case 'node':","        break;","    }","","","","    // run shared js-env code - init-after","    (function () {","        return;","    }());","    switch (local.modeJs) {","","","","    // run browser js-env code - init-after","    case 'browser':","        local.testCase_browser_nullCase = local.testCase_browser_nullCase || function (","            options,","            onError","        ) {","        /*","         * this function will test browsers's null-case handling-behavior-behavior","         */","            onError(null, options);","        };","","        // run tests","        local.nop(local.modeTest &&","            document.querySelector('#testRunButton1') &&","            document.querySelector('#testRunButton1').click());","        break;","","","","    // run node js-env code - init-after","    /* istanbul ignore next */","    case 'node':","        local.testCase_buildApidoc_default = local.testCase_buildApidoc_default || function (","            options,","            onError","        ) {","        /*","         * this function will test buildApidoc's default handling-behavior-behavior","         */","            options = { modulePathList: module.paths };","            local.buildApidoc(options, onError);","        };","","        local.testCase_buildApp_default = local.testCase_buildApp_default || function (","            options,","            onError","        ) {","        /*","         * this function will test buildApp's default handling-behavior-behavior","         */","            local.testCase_buildReadme_default(options, local.onErrorThrow);","            local.testCase_buildLib_default(options, local.onErrorThrow);","            local.testCase_buildTest_default(options, local.onErrorThrow);","            local.testCase_buildCustomOrg_default(options, local.onErrorThrow);","            options = [];","            local.buildApp(options, onError);","        };","","        local.testCase_buildCustomOrg_default = local.testCase_buildCustomOrg_default ||","            function (options, onError) {","            /*","             * this function will test buildCustomOrg's default handling-behavior","             */","                options = {};","                local.buildCustomOrg(options, onError);","            };","","        local.testCase_buildLib_default = local.testCase_buildLib_default || function (","            options,","            onError","        ) {","        /*","         * this function will test buildLib's default handling-behavior","         */","            options = {};","            local.buildLib(options, onError);","        };","","        local.testCase_buildReadme_default = local.testCase_buildReadme_default || function (","            options,","            onError","        ) {","        /*","         * this function will test buildReadme's default handling-behavior-behavior","         */","            options = {};","            local.buildReadme(options, onError);","        };","","        local.testCase_buildTest_default = local.testCase_buildTest_default || function (","            options,","            onError","        ) {","        /*","         * this function will test buildTest's default handling-behavior","         */","            options = {};","            local.buildTest(options, onError);","        };","","        local.testCase_webpage_default = local.testCase_webpage_default || function (","            options,","            onError","        ) {","        /*","         * this function will test webpage's default handling-behavior","         */","            options = { modeCoverageMerge: true, url: local.serverLocalHost + '?modeTest=1' };","            local.browserTest(options, onError);","        };","","        // run test-server","        local.testRunServer(local);","        break;","    }","}());",""],"l":{"12":2,"14":2,"19":2,"21":2,"23":2,"24":2,"25":2,"30":1,"37":2,"40":2,"43":1,"47":1,"50":1,"52":1,"55":2,"61":2,"62":2,"64":2,"70":1,"76":1,"82":2,"83":2,"85":2,"91":1,"98":1,"102":1,"105":1,"112":1,"119":1,"120":1,"123":1,"130":1,"131":1,"132":1,"133":1,"134":1,"135":1,"138":1,"143":2,"144":2,"147":1,"154":2,"155":2,"158":1,"165":2,"166":2,"169":1,"176":2,"177":2,"180":1,"187":1,"188":1,"192":1,"193":1}},"/home/travis/build/npmtest/node-npmtest-regexgen/lib.npmtest_regexgen.js":{"path":"/home/travis/build/npmtest/node-npmtest-regexgen/lib.npmtest_regexgen.js","s":{"1":2,"2":2,"3":2,"4":2,"5":2,"6":2,"7":2,"8":1,"9":2,"10":2,"11":2,"12":2,"13":1,"14":1,"15":1,"16":1},"b":{"1":[2,1,1,1],"2":[1,1,1,1],"3":[1,1],"4":[2,2],"5":[1,1]},"f":{"1":2,"2":2,"3":2},"fnMap":{"1":{"name":"(anonymous_1)","line":12,"loc":{"start":{"line":12,"column":1},"end":{"line":12,"column":13}}},"2":{"name":"(anonymous_2)","line":19,"loc":{"start":{"line":19,"column":5},"end":{"line":19,"column":17}}},"3":{"name":"(anonymous_3)","line":23,"loc":{"start":{"line":23,"column":24},"end":{"line":23,"column":36}}}},"statementMap":{"1":{"start":{"line":12,"column":0},"end":{"line":53,"column":5}},"2":{"start":{"line":14,"column":4},"end":{"line":14,"column":14}},"3":{"start":{"line":19,"column":4},"end":{"line":52,"column":9}},"4":{"start":{"line":21,"column":8},"end":{"line":21,"column":19}},"5":{"start":{"line":23,"column":8},"end":{"line":35,"column":13}},"6":{"start":{"line":24,"column":12},"end":{"line":34,"column":13}},"7":{"start":{"line":25,"column":16},"end":{"line":28,"column":30}},"8":{"start":{"line":30,"column":16},"end":{"line":33,"column":27}},"9":{"start":{"line":37,"column":8},"end":{"line":39,"column":21}},"10":{"start":{"line":41,"column":8},"end":{"line":41,"column":54}},"11":{"start":{"line":43,"column":8},"end":{"line":43,"column":53}},"12":{"start":{"line":45,"column":8},"end":{"line":51,"column":9}},"13":{"start":{"line":46,"column":12},"end":{"line":46,"column":59}},"14":{"start":{"line":48,"column":12},"end":{"line":48,"column":35}},"15":{"start":{"line":49,"column":12},"end":{"line":49,"column":49}},"16":{"start":{"line":50,"column":12},"end":{"line":50,"column":43}}},"branchMap":{"1":{"line":25,"type":"binary-expr","locations":[{"start":{"line":25,"column":23},"end":{"line":25,"column":62}},{"start":{"line":26,"column":20},"end":{"line":26,"column":70}},{"start":{"line":27,"column":20},"end":{"line":27,"column":71}},{"start":{"line":28,"column":20},"end":{"line":28,"column":29}}]},"2":{"line":30,"type":"binary-expr","locations":[{"start":{"line":30,"column":23},"end":{"line":30,"column":37}},{"start":{"line":31,"column":20},"end":{"line":31,"column":61}},{"start":{"line":32,"column":20},"end":{"line":32,"column":70}},{"start":{"line":33,"column":20},"end":{"line":33,"column":26}}]},"3":{"line":37,"type":"cond-expr","locations":[{"start":{"line":38,"column":14},"end":{"line":38,"column":20}},{"start":{"line":39,"column":14},"end":{"line":39,"column":20}}]},"4":{"line":41,"type":"binary-expr","locations":[{"start":{"line":41,"column":16},"end":{"line":41,"column":44}},{"start":{"line":41,"column":48},"end":{"line":41,"column":53}}]},"5":{"line":45,"type":"if","locations":[{"start":{"line":45,"column":8},"end":{"line":45,"column":8}},{"start":{"line":45,"column":8},"end":{"line":45,"column":8}}]}},"code":["/* istanbul instrument in package npmtest_regexgen */","/*jslint","    bitwise: true,","    browser: true,","    maxerr: 8,","    maxlen: 96,","    node: true,","    nomen: true,","    regexp: true,","    stupid: true","*/","(function () {","    'use strict';","    var local;","","","","    // run shared js-env code - init-before","    (function () {","        // init local","        local = {};","        // init modeJs","        local.modeJs = (function () {","            try {","                return typeof navigator.userAgent === 'string' &&","                    typeof document.querySelector('body') === 'object' &&","                    typeof XMLHttpRequest.prototype.open === 'function' &&","                    'browser';","            } catch (errorCaughtBrowser) {","                return module.exports &&","                    typeof process.versions.node === 'string' &&","                    typeof require('http').createServer === 'function' &&","                    'node';","            }","        }());","        // init global","        local.global = local.modeJs === 'browser'","            ? window","            : global;","        // init utility2_rollup","        local = local.global.utility2_rollup || local;","        // init lib","        local.local = local.npmtest_regexgen = local;","        // init exports","        if (local.modeJs === 'browser') {","            local.global.utility2_npmtest_regexgen = local;","        } else {","            module.exports = local;","            module.exports.__dirname = __dirname;","            module.exports.module = module;","        }","    }());","}());",""],"l":{"12":2,"14":2,"19":2,"21":2,"23":2,"24":2,"25":2,"30":1,"37":2,"41":2,"43":2,"45":2,"46":1,"48":1,"49":1,"50":1}},"/home/travis/build/npmtest/node-npmtest-regexgen/example.js":{"path":"/home/travis/build/npmtest/node-npmtest-regexgen/example.js","s":{"1":2,"2":2,"3":2,"4":2,"5":2,"6":2,"7":2,"8":1,"9":2,"10":2,"11":2,"12":2,"13":1,"14":2,"15":2,"16":2,"17":2,"18":2,"19":0,"20":2,"21":1,"22":1,"23":1,"24":1,"25":1,"26":0,"27":0,"28":1,"29":1,"30":2,"31":0,"32":0,"33":0,"34":1,"35":2,"36":2,"37":3,"38":3,"39":3,"40":3,"41":0,"42":3,"43":3,"44":3,"45":1,"46":3,"47":1,"48":1,"49":1,"50":1,"51":1,"52":1,"53":1,"54":1,"55":1,"56":1,"57":0,"58":1,"59":6,"60":6,"61":1,"62":2,"63":0,"64":2,"65":1,"66":1,"67":0,"68":0,"69":0,"70":0,"71":0,"72":0,"73":0,"74":0,"75":0,"76":0,"77":0,"78":0,"79":0,"80":0,"81":0,"82":0,"83":0},"b":{"1":[2,1,1,1],"2":[1,1,1,1],"3":[1,1],"4":[2,2],"5":[1,1],"6":[1,1],"7":[2,0],"8":[2,1,1,1,1,1],"9":[0,2,0],"10":[1,1],"11":[2,1,1],"12":[1,0],"13":[0,2],"14":[2,0,0,0,0,0,0],"15":[0,3],"16":[3,0],"17":[1,1],"18":[0,1],"19":[1,2,0,2],"20":[1,0],"21":[1,1],"22":[0,0],"23":[0,0],"24":[0,0],"25":[0,0],"26":[0,0],"27":[0,0],"28":[0,0]},"f":{"1":2,"2":2,"3":2,"4":2,"5":2,"6":2,"7":3,"8":3,"9":3,"10":1,"11":6,"12":0},"fnMap":{"1":{"name":"(anonymous_1)","line":26,"loc":{"start":{"line":26,"column":1},"end":{"line":26,"column":13}}},"2":{"name":"(anonymous_2)","line":33,"loc":{"start":{"line":33,"column":5},"end":{"line":33,"column":17}}},"3":{"name":"(anonymous_3)","line":37,"loc":{"start":{"line":37,"column":24},"end":{"line":37,"column":36}}},"4":{"name":"(anonymous_4)","line":69,"loc":{"start":{"line":69,"column":31},"end":{"line":69,"column":48}},"skip":true},"5":{"name":"(anonymous_5)","line":78,"loc":{"start":{"line":78,"column":26},"end":{"line":78,"column":45}},"skip":true},"6":{"name":"(anonymous_6)","line":123,"loc":{"start":{"line":123,"column":33},"end":{"line":123,"column":48}},"skip":true},"7":{"name":"(anonymous_7)","line":125,"loc":{"start":{"line":125,"column":27},"end":{"line":125,"column":39}},"skip":true},"8":{"name":"(anonymous_8)","line":133,"loc":{"start":{"line":133,"column":59},"end":{"line":133,"column":74}},"skip":true},"9":{"name":"(anonymous_9)","line":143,"loc":{"start":{"line":143,"column":45},"end":{"line":143,"column":62}},"skip":true},"10":{"name":"(anonymous_10)","line":144,"loc":{"start":{"line":144,"column":73},"end":{"line":144,"column":92}},"skip":true},"11":{"name":"(anonymous_11)","line":272,"loc":{"start":{"line":272,"column":51},"end":{"line":272,"column":77}},"skip":true},"12":{"name":"(anonymous_12)","line":315,"loc":{"start":{"line":315,"column":32},"end":{"line":315,"column":61}},"skip":true}},"statementMap":{"1":{"start":{"line":26,"column":0},"end":{"line":326,"column":5}},"2":{"start":{"line":28,"column":4},"end":{"line":28,"column":14}},"3":{"start":{"line":33,"column":4},"end":{"line":60,"column":9}},"4":{"start":{"line":35,"column":8},"end":{"line":35,"column":19}},"5":{"start":{"line":37,"column":8},"end":{"line":49,"column":13}},"6":{"start":{"line":38,"column":12},"end":{"line":48,"column":13}},"7":{"start":{"line":39,"column":16},"end":{"line":42,"column":30}},"8":{"start":{"line":44,"column":16},"end":{"line":47,"column":27}},"9":{"start":{"line":51,"column":8},"end":{"line":53,"column":21}},"10":{"start":{"line":55,"column":8},"end":{"line":57,"column":45}},"11":{"start":{"line":59,"column":8},"end":{"line":59,"column":35}},"12":{"start":{"line":61,"column":4},"end":{"line":325,"column":5}},"13":{"start":{"line":69,"column":8},"end":{"line":121,"column":10},"skip":true},"14":{"start":{"line":70,"column":12},"end":{"line":88,"column":13},"skip":true},"15":{"start":{"line":76,"column":16},"end":{"line":87,"column":19},"skip":true},"16":{"start":{"line":79,"column":20},"end":{"line":86,"column":21},"skip":true},"17":{"start":{"line":82,"column":24},"end":{"line":82,"column":43},"skip":true},"18":{"start":{"line":83,"column":24},"end":{"line":83,"column":30},"skip":true},"19":{"start":{"line":85,"column":24},"end":{"line":85,"column":49},"skip":true},"20":{"start":{"line":89,"column":12},"end":{"line":107,"column":13},"skip":true},"21":{"start":{"line":92,"column":16},"end":{"line":102,"column":17},"skip":true},"22":{"start":{"line":93,"column":20},"end":{"line":93,"column":86},"skip":true},"23":{"start":{"line":94,"column":20},"end":{"line":95,"column":45},"skip":true},"24":{"start":{"line":96,"column":20},"end":{"line":96,"column":42},"skip":true},"25":{"start":{"line":97,"column":20},"end":{"line":97,"column":48},"skip":true},"26":{"start":{"line":100,"column":20},"end":{"line":100,"column":85},"skip":true},"27":{"start":{"line":101,"column":20},"end":{"line":101,"column":96},"skip":true},"28":{"start":{"line":103,"column":16},"end":{"line":103,"column":22},"skip":true},"29":{"start":{"line":106,"column":16},"end":{"line":106,"column":22},"skip":true},"30":{"start":{"line":108,"column":12},"end":{"line":120,"column":13},"skip":true},"31":{"start":{"line":114,"column":16},"end":{"line":119,"column":17},"skip":true},"32":{"start":{"line":116,"column":20},"end":{"line":116,"column":78},"skip":true},"33":{"start":{"line":118,"column":20},"end":{"line":118,"column":47},"skip":true},"34":{"start":{"line":123,"column":8},"end":{"line":141,"column":11},"skip":true},"35":{"start":{"line":124,"column":12},"end":{"line":124,"column":54},"skip":true},"36":{"start":{"line":125,"column":12},"end":{"line":140,"column":14},"skip":true},"37":{"start":{"line":126,"column":16},"end":{"line":126,"column":28},"skip":true},"38":{"start":{"line":127,"column":16},"end":{"line":127,"column":69},"skip":true},"39":{"start":{"line":128,"column":16},"end":{"line":128,"column":75},"skip":true},"40":{"start":{"line":129,"column":16},"end":{"line":131,"column":17},"skip":true},"41":{"start":{"line":130,"column":20},"end":{"line":130,"column":27},"skip":true},"42":{"start":{"line":133,"column":16},"end":{"line":137,"column":36},"skip":true},"43":{"start":{"line":134,"column":20},"end":{"line":136,"column":55},"skip":true},"44":{"start":{"line":139,"column":16},"end":{"line":139,"column":57},"skip":true},"45":{"start":{"line":143,"column":8},"end":{"line":147,"column":11},"skip":true},"46":{"start":{"line":144,"column":12},"end":{"line":146,"column":15},"skip":true},"47":{"start":{"line":145,"column":16},"end":{"line":145,"column":70},"skip":true},"48":{"start":{"line":149,"column":8},"end":{"line":149,"column":31},"skip":true},"49":{"start":{"line":150,"column":8},"end":{"line":150,"column":14},"skip":true},"50":{"start":{"line":158,"column":8},"end":{"line":158,"column":31},"skip":true},"51":{"start":{"line":160,"column":8},"end":{"line":160,"column":33},"skip":true},"52":{"start":{"line":161,"column":8},"end":{"line":161,"column":37},"skip":true},"53":{"start":{"line":162,"column":8},"end":{"line":162,"column":35},"skip":true},"54":{"start":{"line":164,"column":8},"end":{"line":164,"column":50},"skip":true},"55":{"start":{"line":166,"column":8},"end":{"line":256,"column":2},"skip":true},"56":{"start":{"line":258,"column":8},"end":{"line":286,"column":9},"skip":true},"57":{"start":{"line":259,"column":12},"end":{"line":269,"column":14},"skip":true},"58":{"start":{"line":271,"column":12},"end":{"line":285,"column":19},"skip":true},"59":{"start":{"line":274,"column":20},"end":{"line":274,"column":35},"skip":true},"60":{"start":{"line":275,"column":20},"end":{"line":284,"column":21},"skip":true},"61":{"start":{"line":277,"column":24},"end":{"line":277,"column":64},"skip":true},"62":{"start":{"line":279,"column":24},"end":{"line":279,"column":40},"skip":true},"63":{"start":{"line":281,"column":24},"end":{"line":281,"column":40},"skip":true},"64":{"start":{"line":283,"column":24},"end":{"line":283,"column":39},"skip":true},"65":{"start":{"line":288,"column":8},"end":{"line":290,"column":9},"skip":true},"66":{"start":{"line":289,"column":12},"end":{"line":289,"column":18},"skip":true},"67":{"start":{"line":291,"column":8},"end":{"line":293,"column":54},"skip":true},"68":{"start":{"line":296,"column":8},"end":{"line":301,"column":37},"skip":true},"69":{"start":{"line":303,"column":8},"end":{"line":303,"column":82},"skip":true},"70":{"start":{"line":306,"column":8},"end":{"line":308,"column":9},"skip":true},"71":{"start":{"line":307,"column":12},"end":{"line":307,"column":82},"skip":true},"72":{"start":{"line":310,"column":8},"end":{"line":312,"column":9},"skip":true},"73":{"start":{"line":311,"column":12},"end":{"line":311,"column":18},"skip":true},"74":{"start":{"line":313,"column":8},"end":{"line":313,"column":54},"skip":true},"75":{"start":{"line":314,"column":8},"end":{"line":314,"column":69},"skip":true},"76":{"start":{"line":315,"column":8},"end":{"line":323,"column":36},"skip":true},"77":{"start":{"line":316,"column":12},"end":{"line":316,"column":61},"skip":true},"78":{"start":{"line":317,"column":12},"end":{"line":320,"column":13},"skip":true},"79":{"start":{"line":318,"column":16},"end":{"line":318,"column":75},"skip":true},"80":{"start":{"line":319,"column":16},"end":{"line":319,"column":23},"skip":true},"81":{"start":{"line":321,"column":12},"end":{"line":321,"column":38},"skip":true},"82":{"start":{"line":322,"column":12},"end":{"line":322,"column":27},"skip":true},"83":{"start":{"line":324,"column":8},"end":{"line":324,"column":14},"skip":true}},"branchMap":{"1":{"line":39,"type":"binary-expr","locations":[{"start":{"line":39,"column":23},"end":{"line":39,"column":62}},{"start":{"line":40,"column":20},"end":{"line":40,"column":70}},{"start":{"line":41,"column":20},"end":{"line":41,"column":71}},{"start":{"line":42,"column":20},"end":{"line":42,"column":29}}]},"2":{"line":44,"type":"binary-expr","locations":[{"start":{"line":44,"column":23},"end":{"line":44,"column":37}},{"start":{"line":45,"column":20},"end":{"line":45,"column":61}},{"start":{"line":46,"column":20},"end":{"line":46,"column":70}},{"start":{"line":47,"column":20},"end":{"line":47,"column":26}}]},"3":{"line":51,"type":"cond-expr","locations":[{"start":{"line":52,"column":14},"end":{"line":52,"column":20}},{"start":{"line":53,"column":14},"end":{"line":53,"column":20}}]},"4":{"line":55,"type":"binary-expr","locations":[{"start":{"line":55,"column":16},"end":{"line":55,"column":44}},{"start":{"line":55,"column":49},"end":{"line":57,"column":43}}]},"5":{"line":55,"type":"cond-expr","locations":[{"start":{"line":56,"column":14},"end":{"line":56,"column":52}},{"start":{"line":57,"column":14},"end":{"line":57,"column":43}}]},"6":{"line":61,"type":"switch","locations":[{"start":{"line":68,"column":4},"end":{"line":150,"column":14},"skip":true},{"start":{"line":156,"column":4},"end":{"line":324,"column":14},"skip":true}]},"7":{"line":70,"type":"if","locations":[{"start":{"line":70,"column":12},"end":{"line":70,"column":12},"skip":true},{"start":{"line":70,"column":12},"end":{"line":70,"column":12},"skip":true}]},"8":{"line":70,"type":"binary-expr","locations":[{"start":{"line":70,"column":16},"end":{"line":70,"column":22},"skip":true},{"start":{"line":70,"column":27},"end":{"line":70,"column":32},"skip":true},{"start":{"line":71,"column":20},"end":{"line":71,"column":39},"skip":true},{"start":{"line":72,"column":20},"end":{"line":72,"column":49},"skip":true},{"start":{"line":73,"column":20},"end":{"line":73,"column":58},"skip":true},{"start":{"line":74,"column":20},"end":{"line":74,"column":69},"skip":true}]},"9":{"line":79,"type":"switch","locations":[{"start":{"line":80,"column":20},"end":{"line":80,"column":33},"skip":true},{"start":{"line":81,"column":20},"end":{"line":83,"column":30},"skip":true},{"start":{"line":84,"column":20},"end":{"line":85,"column":49},"skip":true}]},"10":{"line":89,"type":"switch","locations":[{"start":{"line":90,"column":12},"end":{"line":103,"column":22},"skip":true},{"start":{"line":105,"column":12},"end":{"line":106,"column":22},"skip":true}]},"11":{"line":89,"type":"binary-expr","locations":[{"start":{"line":89,"column":20},"end":{"line":89,"column":25},"skip":true},{"start":{"line":89,"column":29},"end":{"line":89,"column":48},"skip":true},{"start":{"line":89,"column":52},"end":{"line":89,"column":74},"skip":true}]},"12":{"line":92,"type":"if","locations":[{"start":{"line":92,"column":16},"end":{"line":92,"column":16},"skip":true},{"start":{"line":92,"column":16},"end":{"line":92,"column":16},"skip":true}]},"13":{"line":108,"type":"if","locations":[{"start":{"line":108,"column":12},"end":{"line":108,"column":12},"skip":true},{"start":{"line":108,"column":12},"end":{"line":108,"column":12},"skip":true}]},"14":{"line":108,"type":"binary-expr","locations":[{"start":{"line":108,"column":16},"end":{"line":108,"column":61},"skip":true},{"start":{"line":108,"column":66},"end":{"line":108,"column":72},"skip":true},{"start":{"line":108,"column":77},"end":{"line":108,"column":82},"skip":true},{"start":{"line":109,"column":20},"end":{"line":109,"column":39},"skip":true},{"start":{"line":110,"column":20},"end":{"line":110,"column":49},"skip":true},{"start":{"line":111,"column":20},"end":{"line":111,"column":58},"skip":true},{"start":{"line":112,"column":20},"end":{"line":112,"column":68},"skip":true}]},"15":{"line":129,"type":"if","locations":[{"start":{"line":129,"column":16},"end":{"line":129,"column":16},"skip":true},{"start":{"line":129,"column":16},"end":{"line":129,"column":16},"skip":true}]},"16":{"line":134,"type":"cond-expr","locations":[{"start":{"line":135,"column":26},"end":{"line":135,"column":29},"skip":true},{"start":{"line":136,"column":26},"end":{"line":136,"column":54},"skip":true}]},"17":{"line":164,"type":"binary-expr","locations":[{"start":{"line":164,"column":27},"end":{"line":164,"column":43},"skip":true},{"start":{"line":164,"column":47},"end":{"line":164,"column":49},"skip":true}]},"18":{"line":258,"type":"if","locations":[{"start":{"line":258,"column":8},"end":{"line":258,"column":8},"skip":true},{"start":{"line":258,"column":8},"end":{"line":258,"column":8},"skip":true}]},"19":{"line":275,"type":"switch","locations":[{"start":{"line":276,"column":20},"end":{"line":277,"column":64},"skip":true},{"start":{"line":278,"column":20},"end":{"line":279,"column":40},"skip":true},{"start":{"line":280,"column":20},"end":{"line":281,"column":40},"skip":true},{"start":{"line":282,"column":20},"end":{"line":283,"column":39},"skip":true}]},"20":{"line":288,"type":"if","locations":[{"start":{"line":288,"column":8},"end":{"line":288,"column":8},"skip":true},{"start":{"line":288,"column":8},"end":{"line":288,"column":8},"skip":true}]},"21":{"line":288,"type":"binary-expr","locations":[{"start":{"line":288,"column":12},"end":{"line":288,"column":40},"skip":true},{"start":{"line":288,"column":44},"end":{"line":288,"column":67},"skip":true}]},"22":{"line":292,"type":"binary-expr","locations":[{"start":{"line":292,"column":12},"end":{"line":292,"column":50},"skip":true},{"start":{"line":293,"column":12},"end":{"line":293,"column":53},"skip":true}]},"23":{"line":297,"type":"binary-expr","locations":[{"start":{"line":297,"column":12},"end":{"line":297,"column":66},"skip":true},{"start":{"line":298,"column":12},"end":{"line":301,"column":36},"skip":true}]},"24":{"line":303,"type":"binary-expr","locations":[{"start":{"line":303,"column":43},"end":{"line":303,"column":75},"skip":true},{"start":{"line":303,"column":79},"end":{"line":303,"column":81},"skip":true}]},"25":{"line":306,"type":"if","locations":[{"start":{"line":306,"column":8},"end":{"line":306,"column":8},"skip":true},{"start":{"line":306,"column":8},"end":{"line":306,"column":8},"skip":true}]},"26":{"line":310,"type":"if","locations":[{"start":{"line":310,"column":8},"end":{"line":310,"column":8},"skip":true},{"start":{"line":310,"column":8},"end":{"line":310,"column":8},"skip":true}]},"27":{"line":313,"type":"binary-expr","locations":[{"start":{"line":313,"column":27},"end":{"line":313,"column":43},"skip":true},{"start":{"line":313,"column":47},"end":{"line":313,"column":53},"skip":true}]},"28":{"line":317,"type":"if","locations":[{"start":{"line":317,"column":12},"end":{"line":317,"column":12},"skip":true},{"start":{"line":317,"column":12},"end":{"line":317,"column":12},"skip":true}]}},"code":["/*","example.js","","quickstart example","","instruction","    1. save this script as example.js","    2. run the shell command:","        $ npm install npmtest-regexgen && PORT=8081 node example.js","    3. play with the browser-demo on http://127.0.0.1:8081","*/","","","","/* istanbul instrument in package npmtest_regexgen */","/*jslint","    bitwise: true,","    browser: true,","    maxerr: 8,","    maxlen: 96,","    node: true,","    nomen: true,","    regexp: true,","    stupid: true","*/","(function () {","    'use strict';","    var local;","","","","    // run shared js-env code - init-before","    (function () {","        // init local","        local = {};","        // init modeJs","        local.modeJs = (function () {","            try {","                return typeof navigator.userAgent === 'string' &&","                    typeof document.querySelector('body') === 'object' &&","                    typeof XMLHttpRequest.prototype.open === 'function' &&","                    'browser';","            } catch (errorCaughtBrowser) {","                return module.exports &&","                    typeof process.versions.node === 'string' &&","                    typeof require('http').createServer === 'function' &&","                    'node';","            }","        }());","        // init global","        local.global = local.modeJs === 'browser'","            ? window","            : global;","        // init utility2_rollup","        local = local.global.utility2_rollup || (local.modeJs === 'browser'","            ? local.global.utility2_npmtest_regexgen","            : global.utility2_moduleExports);","        // export local","        local.global.local = local;","    }());","    switch (local.modeJs) {","","","","    // init-after","    // run browser js-env code - init-after","    /* istanbul ignore next */","    case 'browser':","        local.testRunBrowser = function (event) {","            if (!event || (event &&","                    event.currentTarget &&","                    event.currentTarget.className &&","                    event.currentTarget.className.includes &&","                    event.currentTarget.className.includes('onreset'))) {","                // reset output","                Array.from(","                    document.querySelectorAll('body > .resettable')","                ).forEach(function (element) {","                    switch (element.tagName) {","                    case 'INPUT':","                    case 'TEXTAREA':","                        element.value = '';","                        break;","                    default:","                        element.textContent = '';","                    }","                });","            }","            switch (event && event.currentTarget && event.currentTarget.id) {","            case 'testRunButton1':","                // show tests","                if (document.querySelector('#testReportDiv1').style.display === 'none') {","                    document.querySelector('#testReportDiv1').style.display = 'block';","                    document.querySelector('#testRunButton1').textContent =","                        'hide internal test';","                    local.modeTest = true;","                    local.testRunDefault(local);","                // hide tests","                } else {","                    document.querySelector('#testReportDiv1').style.display = 'none';","                    document.querySelector('#testRunButton1').textContent = 'run internal test';","                }","                break;","            // custom-case","            default:","                break;","            }","            if (document.querySelector('#inputTextareaEval1') && (!event || (event &&","                    event.currentTarget &&","                    event.currentTarget.className &&","                    event.currentTarget.className.includes &&","                    event.currentTarget.className.includes('oneval')))) {","                // try to eval input-code","                try {","                    /*jslint evil: true*/","                    eval(document.querySelector('#inputTextareaEval1').value);","                } catch (errorCaught) {","                    console.error(errorCaught);","                }","            }","        };","        // log stderr and stdout to #outputTextareaStdout1","        ['error', 'log'].forEach(function (key) {","            console[key + '_original'] = console[key];","            console[key] = function () {","                var element;","                console[key + '_original'].apply(console, arguments);","                element = document.querySelector('#outputTextareaStdout1');","                if (!element) {","                    return;","                }","                // append text to #outputTextareaStdout1","                element.value += Array.from(arguments).map(function (arg) {","                    return typeof arg === 'string'","                        ? arg","                        : JSON.stringify(arg, null, 4);","                }).join(' ') + '\\n';","                // scroll textarea to bottom","                element.scrollTop = element.scrollHeight;","            };","        });","        // init event-handling","        ['change', 'click', 'keyup'].forEach(function (event) {","            Array.from(document.querySelectorAll('.on' + event)).forEach(function (element) {","                element.addEventListener(event, local.testRunBrowser);","            });","        });","        // run tests","        local.testRunBrowser();","        break;","","","","    // run node js-env code - init-after","    /* istanbul ignore next */","    case 'node':","        // export local","        module.exports = local;","        // require modules","        local.fs = require('fs');","        local.http = require('http');","        local.url = require('url');","        // init assets","        local.assetsDict = local.assetsDict || {};","        /* jslint-ignore-begin */","        local.assetsDict['/assets.index.template.html'] = '\\","<!doctype html>\\n\\","<html lang=\"en\">\\n\\","<head>\\n\\","<meta charset=\"UTF-8\">\\n\\","<meta name=\"viewport\" content=\"width=device-width, initial-scale=1\">\\n\\","<title>{{env.npm_package_name}} (v{{env.npm_package_version}})</title>\\n\\","<style>\\n\\","/*csslint\\n\\","    box-sizing: false,\\n\\","    universal-selector: false\\n\\","*/\\n\\","* {\\n\\","    box-sizing: border-box;\\n\\","}\\n\\","body {\\n\\","    background: #dde;\\n\\","    font-family: Arial, Helvetica, sans-serif;\\n\\","    margin: 2rem;\\n\\","}\\n\\","body > * {\\n\\","    margin-bottom: 1rem;\\n\\","}\\n\\",".utility2FooterDiv {\\n\\","    margin-top: 20px;\\n\\","    text-align: center;\\n\\","}\\n\\","</style>\\n\\","<style>\\n\\","/*csslint\\n\\","*/\\n\\","textarea {\\n\\","    font-family: monospace;\\n\\","    height: 10rem;\\n\\","    width: 100%;\\n\\","}\\n\\","textarea[readonly] {\\n\\","    background: #ddd;\\n\\","}\\n\\","</style>\\n\\","</head>\\n\\","<body>\\n\\","<!-- utility2-comment\\n\\","<div id=\"ajaxProgressDiv1\" style=\"background: #d00; height: 2px; left: 0; margin: 0; padding: 0; position: fixed; top: 0; transition: background 0.5s, width 1.5s; width: 25%;\"></div>\\n\\","utility2-comment -->\\n\\","<h1>\\n\\","<!-- utility2-comment\\n\\","    <a\\n\\","        {{#if env.npm_package_homepage}}\\n\\","        href=\"{{env.npm_package_homepage}}\"\\n\\","        {{/if env.npm_package_homepage}}\\n\\","        target=\"_blank\"\\n\\","    >\\n\\","utility2-comment -->\\n\\","        {{env.npm_package_name}} (v{{env.npm_package_version}})\\n\\","<!-- utility2-comment\\n\\","    </a>\\n\\","utility2-comment -->\\n\\","</h1>\\n\\","<h3>{{env.npm_package_description}}</h3>\\n\\","<!-- utility2-comment\\n\\","<h4><a download href=\"assets.app.js\">download standalone app</a></h4>\\n\\","<button class=\"onclick onreset\" id=\"testRunButton1\">run internal test</button><br>\\n\\","<div id=\"testReportDiv1\" style=\"display: none;\"></div>\\n\\","utility2-comment -->\\n\\","\\n\\","\\n\\","\\n\\","<label>stderr and stdout</label>\\n\\","<textarea class=\"resettable\" id=\"outputTextareaStdout1\" readonly></textarea>\\n\\","<!-- utility2-comment\\n\\","{{#if isRollup}}\\n\\","<script src=\"assets.app.js\"></script>\\n\\","{{#unless isRollup}}\\n\\","utility2-comment -->\\n\\","<script src=\"assets.utility2.rollup.js\"></script>\\n\\","<script src=\"jsonp.utility2._stateInit?callback=window.utility2._stateInit\"></script>\\n\\","<script src=\"assets.npmtest_regexgen.rollup.js\"></script>\\n\\","<script src=\"assets.example.js\"></script>\\n\\","<script src=\"assets.test.js\"></script>\\n\\","<!-- utility2-comment\\n\\","{{/if isRollup}}\\n\\","utility2-comment -->\\n\\","<div class=\"utility2FooterDiv\">\\n\\","    [ this app was created with\\n\\","    <a href=\"https://github.com/kaizhu256/node-utility2\" target=\"_blank\">utility2</a>\\n\\","    ]\\n\\","</div>\\n\\","</body>\\n\\","</html>\\n\\","';","        /* jslint-ignore-end */","        if (local.templateRender) {","            local.assetsDict['/'] = local.templateRender(","                local.assetsDict['/assets.index.template.html'],","                {","                    env: local.objectSetDefault(local.env, {","                        npm_package_description: 'the greatest app in the world!',","                        npm_package_name: 'my-app',","                        npm_package_nameAlias: 'my_app',","                        npm_package_version: '0.0.1'","                    })","                }","            );","        } else {","            local.assetsDict['/'] = local.assetsDict['/assets.index.template.html']","                .replace((/\\{\\{env\\.(\\w+?)\\}\\}/g), function (match0, match1) {","                    // jslint-hack","                    String(match0);","                    switch (match1) {","                    case 'npm_package_description':","                        return 'the greatest app in the world!';","                    case 'npm_package_name':","                        return 'my-app';","                    case 'npm_package_nameAlias':","                        return 'my_app';","                    case 'npm_package_version':","                        return '0.0.1';","                    }","                });","        }","        // run the cli","        if (local.global.utility2_rollup || module !== require.main) {","            break;","        }","        local.assetsDict['/assets.example.js'] =","            local.assetsDict['/assets.example.js'] ||","            local.fs.readFileSync(__filename, 'utf8');","        // bug-workaround - long $npm_package_buildCustomOrg","        /* jslint-ignore-begin */","        local.assetsDict['/assets.npmtest_regexgen.rollup.js'] =","            local.assetsDict['/assets.npmtest_regexgen.rollup.js'] ||","            local.fs.readFileSync(","                local.npmtest_regexgen.__dirname + '/lib.npmtest_regexgen.js',","                'utf8'","            ).replace((/^#!/), '//');","        /* jslint-ignore-end */","        local.assetsDict['/favicon.ico'] = local.assetsDict['/favicon.ico'] || '';","        // if $npm_config_timeout_exit exists,","        // then exit this process after $npm_config_timeout_exit ms","        if (Number(process.env.npm_config_timeout_exit)) {","            setTimeout(process.exit, Number(process.env.npm_config_timeout_exit));","        }","        // start server","        if (local.global.utility2_serverHttp1) {","            break;","        }","        process.env.PORT = process.env.PORT || '8081';","        console.error('server starting on port ' + process.env.PORT);","        local.http.createServer(function (request, response) {","            request.urlParsed = local.url.parse(request.url);","            if (local.assetsDict[request.urlParsed.pathname] !== undefined) {","                response.end(local.assetsDict[request.urlParsed.pathname]);","                return;","            }","            response.statusCode = 404;","            response.end();","        }).listen(process.env.PORT);","        break;","    }","}());",""],"l":{"26":2,"28":2,"33":2,"35":2,"37":2,"38":2,"39":2,"44":1,"51":2,"55":2,"59":2,"61":2,"69":1,"70":2,"76":2,"79":2,"82":2,"83":2,"85":1,"89":2,"92":1,"93":1,"94":1,"96":1,"97":1,"100":1,"101":1,"103":1,"106":1,"108":2,"114":1,"116":1,"118":1,"123":1,"124":2,"125":2,"126":3,"127":3,"128":3,"129":3,"130":1,"133":3,"134":3,"139":3,"143":1,"144":3,"145":1,"149":1,"150":1,"158":1,"160":1,"161":1,"162":1,"164":1,"166":1,"258":1,"259":1,"271":1,"274":6,"275":6,"277":1,"279":2,"281":1,"283":2,"288":1,"289":1,"291":1,"296":1,"303":1,"306":1,"307":1,"310":1,"311":1,"313":1,"314":1,"315":1,"316":1,"317":1,"318":1,"319":1,"321":1,"322":1,"324":1}},"/home/travis/build/npmtest/node-npmtest-regexgen/node_modules/regexgen/index.js":{"path":"/home/travis/build/npmtest/node-npmtest-regexgen/node_modules/regexgen/index.js","s":{"1":1,"2":1,"3":2,"4":2,"5":2,"6":1,"7":1},"b":{},"f":{"1":2},"fnMap":{"1":{"name":"regexgen","line":9,"loc":{"start":{"line":9,"column":0},"end":{"line":9,"column":33}}}},"statementMap":{"1":{"start":{"line":1,"column":0},"end":{"line":1,"column":35}},"2":{"start":{"line":9,"column":0},"end":{"line":13,"column":1}},"3":{"start":{"line":10,"column":2},"end":{"line":10,"column":22}},"4":{"start":{"line":11,"column":2},"end":{"line":11,"column":22}},"5":{"start":{"line":12,"column":2},"end":{"line":12,"column":30}},"6":{"start":{"line":15,"column":0},"end":{"line":15,"column":21}},"7":{"start":{"line":16,"column":0},"end":{"line":16,"column":26}}},"branchMap":{},"code":["const Trie = require('./src/trie');","","/**"," * Generates a regular expression that matches the given input strings."," * @param {Array<string>} inputs"," * @param {string} flags"," * @return {RegExp}"," */","function regexgen(inputs, flags) {","  let trie = new Trie;","  trie.addAll(inputs);","  return trie.toRegExp(flags);","}","","regexgen.Trie = Trie;","module.exports = regexgen;",""],"l":{"1":1,"9":1,"10":2,"11":2,"12":2,"15":1,"16":1}},"/home/travis/build/npmtest/node-npmtest-regexgen/node_modules/regexgen/src/trie.js":{"path":"/home/travis/build/npmtest/node-npmtest-regexgen/node_modules/regexgen/src/trie.js","s":{"1":1,"2":1,"3":1,"4":2,"5":2,"6":0,"7":0,"8":0,"9":0,"10":0,"11":2,"12":0,"13":2,"14":2,"15":2,"16":1},"b":{},"f":{"1":2,"2":0,"3":2,"4":2,"5":2,"6":2},"fnMap":{"1":{"name":"(anonymous_1)","line":11,"loc":{"start":{"line":11,"column":13},"end":{"line":11,"column":16}}},"2":{"name":"(anonymous_2)","line":20,"loc":{"start":{"line":20,"column":5},"end":{"line":20,"column":14}}},"3":{"name":"(anonymous_3)","line":34,"loc":{"start":{"line":34,"column":8},"end":{"line":34,"column":18}}},"4":{"name":"(anonymous_4)","line":44,"loc":{"start":{"line":44,"column":10},"end":{"line":44,"column":13}}},"5":{"name":"(anonymous_5)","line":52,"loc":{"start":{"line":52,"column":10},"end":{"line":52,"column":13}}},"6":{"name":"(anonymous_6)","line":61,"loc":{"start":{"line":61,"column":10},"end":{"line":61,"column":18}}}},"statementMap":{"1":{"start":{"line":1,"column":0},"end":{"line":1,"column":33}},"2":{"start":{"line":2,"column":0},"end":{"line":2,"column":39}},"3":{"start":{"line":3,"column":0},"end":{"line":3,"column":35}},"4":{"start":{"line":12,"column":4},"end":{"line":12,"column":28}},"5":{"start":{"line":13,"column":4},"end":{"line":13,"column":26}},"6":{"start":{"line":21,"column":4},"end":{"line":21,"column":25}},"7":{"start":{"line":22,"column":4},"end":{"line":25,"column":5}},"8":{"start":{"line":23,"column":6},"end":{"line":23,"column":30}},"9":{"start":{"line":24,"column":6},"end":{"line":24,"column":40}},"10":{"start":{"line":27,"column":4},"end":{"line":27,"column":26}},"11":{"start":{"line":35,"column":4},"end":{"line":37,"column":5}},"12":{"start":{"line":36,"column":6},"end":{"line":36,"column":23}},"13":{"start":{"line":45,"column":4},"end":{"line":45,"column":31}},"14":{"start":{"line":53,"column":4},"end":{"line":53,"column":36}},"15":{"start":{"line":62,"column":4},"end":{"line":62,"column":46}},"16":{"start":{"line":66,"column":0},"end":{"line":66,"column":22}}},"branchMap":{},"code":["const State = require('./state');","const minimize = require('./minimize');","const toRegex = require('./regex');","","/**"," * A Trie represents a set of strings in a tree data structure"," * where each edge represents a single character."," * https://en.wikipedia.org/wiki/Trie"," */","class Trie {","  constructor() {","    this.alphabet = new Set;","    this.root = new State;","  }","","  /**","   * Adds the given string to the trie.","   * @param {string} string - the string to add","   */","  add(string) {","    let node = this.root;","    for (let char of string) {","      this.alphabet.add(char);","      node = node.transitions.get(char);","    }","","    node.accepting = true;","  }","","  /**","   * Adds the given array of strings to the trie.","   * @param {Array<string>} strings - the array of strings to add","   */","  addAll(strings) {","    for (let string of strings) {","      this.add(string);","    }","  }","","  /**","   * Returns a minimal DFA representing the strings in the trie.","   * @return {State} - the starting state of the minimal DFA","   */","  minimize() {","    return minimize(this.root);","  }","","  /**","   * Returns a regex pattern that matches the strings in the trie.","   * @return {string} pattern - The regex pattern.","   */","  toString() {","    return toRegex(this.minimize());","  }","","  /**","   * Returns a regex that matches the strings in the trie.","   * @param {string} flags - The flags to add to the regex.","   * @return {RegExp}","   */","  toRegExp(flags) {","    return new RegExp(this.toString(), flags);","  }","}","","module.exports = Trie;",""],"l":{"1":1,"2":1,"3":1,"12":2,"13":2,"21":0,"22":0,"23":0,"24":0,"27":0,"35":2,"36":0,"45":2,"53":2,"62":2,"66":1}},"/home/travis/build/npmtest/node-npmtest-regexgen/node_modules/regexgen/src/state.js":{"path":"/home/travis/build/npmtest/node-npmtest-regexgen/node_modules/regexgen/src/state.js","s":{"1":1,"2":4,"3":4,"4":0,"5":2,"6":0,"7":2,"8":2,"9":2,"10":0,"11":1},"b":{"1":[0,2]},"f":{"1":4,"2":2},"fnMap":{"1":{"name":"(anonymous_1)","line":7,"loc":{"start":{"line":7,"column":13},"end":{"line":7,"column":16}}},"2":{"name":"(anonymous_2)","line":16,"loc":{"start":{"line":16,"column":8},"end":{"line":16,"column":28}}}},"statementMap":{"1":{"start":{"line":1,"column":0},"end":{"line":1,"column":29}},"2":{"start":{"line":8,"column":4},"end":{"line":8,"column":27}},"3":{"start":{"line":9,"column":4},"end":{"line":9,"column":47}},"4":{"start":{"line":9,"column":36},"end":{"line":9,"column":45}},"5":{"start":{"line":17,"column":4},"end":{"line":17,"column":34}},"6":{"start":{"line":17,"column":27},"end":{"line":17,"column":34}},"7":{"start":{"line":18,"column":4},"end":{"line":18,"column":22}},"8":{"start":{"line":20,"column":4},"end":{"line":20,"column":15}},"9":{"start":{"line":21,"column":4},"end":{"line":23,"column":5}},"10":{"start":{"line":22,"column":6},"end":{"line":22,"column":34}},"11":{"start":{"line":27,"column":0},"end":{"line":27,"column":23}}},"branchMap":{"1":{"line":17,"type":"if","locations":[{"start":{"line":17,"column":4},"end":{"line":17,"column":4}},{"start":{"line":17,"column":4},"end":{"line":17,"column":4}}]}},"code":["const Map = require('./map');","","/**"," * Represents a state in a DFA."," */","class State {","  constructor() {","    this.accepting = false;","    this.transitions = new Map(k => new State);","  }","","  /**","   * A generator that yields all states in the subtree","   * starting with this state.","   */","  *visit(visited = new Set) {","    if (visited.has(this)) return;","    visited.add(this);","","    yield this;","    for (let state of this.transitions.values()) {","      yield* state.visit(visited);","    }","  }","}","","module.exports = State;",""],"l":{"1":1,"8":4,"9":4,"17":2,"18":2,"20":2,"21":2,"22":0,"27":1}},"/home/travis/build/npmtest/node-npmtest-regexgen/node_modules/regexgen/src/map.js":{"path":"/home/travis/build/npmtest/node-npmtest-regexgen/node_modules/regexgen/src/map.js","s":{"1":14,"2":14,"3":14,"4":14,"5":14,"6":4,"7":4,"8":4,"9":4,"10":0,"11":1},"b":{"1":[14,0],"2":[4,0]},"f":{"1":14,"2":4},"fnMap":{"1":{"name":"(anonymous_1)","line":7,"loc":{"start":{"line":7,"column":13},"end":{"line":7,"column":39}}},"2":{"name":"(anonymous_2)","line":17,"loc":{"start":{"line":17,"column":5},"end":{"line":17,"column":11}}}},"statementMap":{"1":{"start":{"line":8,"column":4},"end":{"line":11,"column":5}},"2":{"start":{"line":9,"column":6},"end":{"line":9,"column":31}},"3":{"start":{"line":10,"column":6},"end":{"line":10,"column":22}},"4":{"start":{"line":13,"column":4},"end":{"line":13,"column":20}},"5":{"start":{"line":14,"column":4},"end":{"line":14,"column":39}},"6":{"start":{"line":18,"column":4},"end":{"line":22,"column":5}},"7":{"start":{"line":19,"column":6},"end":{"line":19,"column":40}},"8":{"start":{"line":20,"column":6},"end":{"line":20,"column":25}},"9":{"start":{"line":21,"column":6},"end":{"line":21,"column":17}},"10":{"start":{"line":24,"column":4},"end":{"line":24,"column":26}},"11":{"start":{"line":28,"column":0},"end":{"line":28,"column":28}}},"branchMap":{"1":{"line":8,"type":"if","locations":[{"start":{"line":8,"column":4},"end":{"line":8,"column":4}},{"start":{"line":8,"column":4},"end":{"line":8,"column":4}}]},"2":{"line":18,"type":"if","locations":[{"start":{"line":18,"column":4},"end":{"line":18,"column":4}},{"start":{"line":18,"column":4},"end":{"line":18,"column":4}}]}},"code":["/**"," * This ES6 Map subclass calls the getter function passed to"," * the constructor to initialize undefined properties when they"," * are first retrieved."," */","class DefaultMap extends Map {","  constructor(iterable, defaultGetter) {","    if (typeof iterable === 'function') {","      defaultGetter = iterable;","      iterable = null;","    }","","    super(iterable);","    this.defaultGetter = defaultGetter;","  }","","  get(key) {","    if (!super.has(key)) {","      let res = this.defaultGetter(key);","      this.set(key, res);","      return res;","    }","","    return super.get(key);","  }","}","","module.exports = DefaultMap;",""],"l":{"8":14,"9":14,"10":14,"13":14,"14":14,"18":4,"19":4,"20":4,"21":4,"24":0,"28":1}},"/home/travis/build/npmtest/node-npmtest-regexgen/node_modules/regexgen/src/minimize.js":{"path":"/home/travis/build/npmtest/node-npmtest-regexgen/node_modules/regexgen/src/minimize.js","s":{"1":1,"2":1,"3":1,"4":1,"5":2,"6":2,"7":2,"8":2,"9":2,"10":0,"11":2,"12":2,"13":0,"14":2,"15":2,"16":2,"17":4,"18":4,"19":0,"20":4,"21":2,"22":0,"23":4,"24":0,"25":0,"26":0,"27":0,"28":0,"29":0,"30":0,"31":0,"32":0,"33":0,"34":0,"35":0,"36":0,"37":0,"38":0,"39":2,"40":2,"41":2,"42":2,"43":2,"44":2,"45":2,"46":0,"47":0,"48":0,"49":0,"50":0,"51":0,"52":1},"b":{"1":[0,0],"2":[0,0],"3":[0,0],"4":[0,0],"5":[0,0]},"f":{"1":2},"fnMap":{"1":{"name":"minimize","line":12,"loc":{"start":{"line":12,"column":0},"end":{"line":12,"column":24}}}},"statementMap":{"1":{"start":{"line":1,"column":0},"end":{"line":1,"column":29}},"2":{"start":{"line":2,"column":0},"end":{"line":2,"column":29}},"3":{"start":{"line":3,"column":0},"end":{"line":3,"column":33}},"4":{"start":{"line":12,"column":0},"end":{"line":84,"column":1}},"5":{"start":{"line":13,"column":2},"end":{"line":13,"column":37}},"6":{"start":{"line":14,"column":2},"end":{"line":14,"column":52}},"7":{"start":{"line":14,"column":39},"end":{"line":14,"column":50}},"8":{"start":{"line":17,"column":2},"end":{"line":17,"column":56}},"9":{"start":{"line":17,"column":33},"end":{"line":17,"column":54}},"10":{"start":{"line":17,"column":46},"end":{"line":17,"column":53}},"11":{"start":{"line":18,"column":2},"end":{"line":22,"column":3}},"12":{"start":{"line":19,"column":4},"end":{"line":21,"column":5}},"13":{"start":{"line":20,"column":6},"end":{"line":20,"column":40}},"14":{"start":{"line":24,"column":2},"end":{"line":24,"column":65}},"15":{"start":{"line":25,"column":2},"end":{"line":25,"column":21}},"16":{"start":{"line":27,"column":2},"end":{"line":62,"column":3}},"17":{"start":{"line":28,"column":4},"end":{"line":28,"column":22}},"18":{"start":{"line":31,"column":4},"end":{"line":31,"column":34}},"19":{"start":{"line":31,"column":25},"end":{"line":31,"column":32}},"20":{"start":{"line":32,"column":4},"end":{"line":36,"column":5}},"21":{"start":{"line":33,"column":6},"end":{"line":35,"column":7}},"22":{"start":{"line":34,"column":8},"end":{"line":34,"column":27}},"23":{"start":{"line":38,"column":4},"end":{"line":61,"column":5}},"24":{"start":{"line":39,"column":6},"end":{"line":60,"column":7}},"25":{"start":{"line":40,"column":8},"end":{"line":40,"column":34}},"26":{"start":{"line":41,"column":8},"end":{"line":43,"column":9}},"27":{"start":{"line":42,"column":10},"end":{"line":42,"column":19}},"28":{"start":{"line":45,"column":8},"end":{"line":45,"column":32}},"29":{"start":{"line":46,"column":8},"end":{"line":48,"column":9}},"30":{"start":{"line":47,"column":10},"end":{"line":47,"column":19}},"31":{"start":{"line":50,"column":8},"end":{"line":50,"column":27}},"32":{"start":{"line":52,"column":8},"end":{"line":52,"column":41}},"33":{"start":{"line":52,"column":28},"end":{"line":52,"column":39}},"34":{"start":{"line":53,"column":8},"end":{"line":59,"column":9}},"35":{"start":{"line":54,"column":10},"end":{"line":54,"column":29}},"36":{"start":{"line":55,"column":15},"end":{"line":59,"column":9}},"37":{"start":{"line":56,"column":10},"end":{"line":56,"column":19}},"38":{"start":{"line":58,"column":10},"end":{"line":58,"column":19}},"39":{"start":{"line":66,"column":2},"end":{"line":66,"column":42}},"40":{"start":{"line":66,"column":31},"end":{"line":66,"column":40}},"41":{"start":{"line":67,"column":2},"end":{"line":67,"column":21}},"42":{"start":{"line":69,"column":2},"end":{"line":81,"column":3}},"43":{"start":{"line":70,"column":4},"end":{"line":70,"column":26}},"44":{"start":{"line":71,"column":4},"end":{"line":71,"column":29}},"45":{"start":{"line":72,"column":4},"end":{"line":74,"column":5}},"46":{"start":{"line":73,"column":6},"end":{"line":73,"column":67}},"47":{"start":{"line":73,"column":53},"end":{"line":73,"column":63}},"48":{"start":{"line":76,"column":4},"end":{"line":76,"column":34}},"49":{"start":{"line":78,"column":4},"end":{"line":80,"column":5}},"50":{"start":{"line":79,"column":6},"end":{"line":79,"column":18}},"51":{"start":{"line":83,"column":2},"end":{"line":83,"column":17}},"52":{"start":{"line":86,"column":0},"end":{"line":86,"column":26}}},"branchMap":{"1":{"line":41,"type":"if","locations":[{"start":{"line":41,"column":8},"end":{"line":41,"column":8}},{"start":{"line":41,"column":8},"end":{"line":41,"column":8}}]},"2":{"line":46,"type":"if","locations":[{"start":{"line":46,"column":8},"end":{"line":46,"column":8}},{"start":{"line":46,"column":8},"end":{"line":46,"column":8}}]},"3":{"line":53,"type":"if","locations":[{"start":{"line":53,"column":8},"end":{"line":53,"column":8}},{"start":{"line":53,"column":8},"end":{"line":53,"column":8}}]},"4":{"line":55,"type":"if","locations":[{"start":{"line":55,"column":15},"end":{"line":55,"column":15}},{"start":{"line":55,"column":15},"end":{"line":55,"column":15}}]},"5":{"line":78,"type":"if","locations":[{"start":{"line":78,"column":4},"end":{"line":78,"column":4}},{"start":{"line":78,"column":4},"end":{"line":78,"column":4}}]}},"code":["const Map = require('./map');","const Set = require('./set');","const State = require('./state');","","/**"," * Implements Hopcroft's DFA minimization algorithm."," * https://en.wikipedia.org/wiki/DFA_minimization#Hopcroft.27s_algorithm"," *"," * @param {State} root - the initial state of the DFA"," * @return {State} - the new initial state"," */","function minimize(root) {","  let states = new Set(root.visit());","  let finalStates = states.filter(s => s.accepting);","","  // Create a map of incoming transitions to each state, grouped by character.","  let transitions = new Map(k => new Map(k => new Set));","  for (let s of states) {","    for (let [t, st] of s.transitions) {","      transitions.get(st).get(t).add(s);","    }","  }","","  let P = new Set([finalStates, states.difference(finalStates)]);","  let W = new Set(P);","","  while (W.size > 0) {","    let A = W.shift();","","    // Collect states that have transitions leading to states in A, grouped by character.","    let t = new Map(k => new Set);","    for (let s of A) {","      for (let [T, X] of transitions.get(s)) {","        t.get(T).addAll(X);","      }","    }","","    for (let X of t.values()) {","      for (let Y of P) {","        let i = X.intersection(Y);","        if (i.size === 0) {","          continue;","        }","","        let d = Y.difference(X);","        if (d.size === 0) {","          continue;","        }","","        P.replace(Y, i, d);","","        let y = W.find(v => v.equals(Y));","        if (y) {","          W.replace(y, i, d);","        } else if (i.size <= d.size) {","          W.add(i);","        } else {","          W.add(d);","        }","      }","    }","  }","","  // Each set S in P now represents a state in the minimized DFA.","  // Build the new states and transitions.","  let newStates = new Map(k => new State);","  let initial = null;","","  for (let S of P) {","    let first = S.first();","    let s = newStates.get(S);","    for (let [c, old] of first.transitions) {","      s.transitions.set(c, newStates.get(P.find(v => v.has(old))));","    }","","    s.accepting = first.accepting;","","    if (S.has(root)) {","      initial = s;","    }","  }","","  return initial;","}","","module.exports = minimize;",""],"l":{"1":1,"2":1,"3":1,"12":1,"13":2,"14":2,"17":2,"18":2,"19":2,"20":0,"24":2,"25":2,"27":2,"28":4,"31":4,"32":4,"33":2,"34":0,"38":4,"39":0,"40":0,"41":0,"42":0,"45":0,"46":0,"47":0,"50":0,"52":0,"53":0,"54":0,"55":0,"56":0,"58":0,"66":2,"67":2,"69":2,"70":2,"71":2,"72":2,"73":0,"76":0,"78":0,"79":0,"83":0,"86":1}},"/home/travis/build/npmtest/node-npmtest-regexgen/node_modules/regexgen/src/set.js":{"path":"/home/travis/build/npmtest/node-npmtest-regexgen/node_modules/regexgen/src/set.js","s":{"1":4,"2":4,"3":4,"4":2,"5":4,"6":2,"7":2,"8":0,"9":0,"10":0,"11":0,"12":0,"13":0,"14":0,"15":0,"16":0,"17":0,"18":0,"19":0,"20":6,"21":4,"22":4,"23":4,"24":0,"25":0,"26":0,"27":0,"28":1},"b":{"1":[2,2],"2":[0,0],"3":[0,0],"4":[0,0],"5":[0,0]},"f":{"1":4,"2":2,"3":0,"4":0,"5":0,"6":6,"7":4,"8":0,"9":0},"fnMap":{"1":{"name":"(anonymous_1)","line":5,"loc":{"start":{"line":5,"column":8},"end":{"line":5,"column":13}}},"2":{"name":"(anonymous_2)","line":16,"loc":{"start":{"line":16,"column":12},"end":{"line":16,"column":16}}},"3":{"name":"(anonymous_3)","line":20,"loc":{"start":{"line":20,"column":14},"end":{"line":20,"column":18}}},"4":{"name":"(anonymous_4)","line":24,"loc":{"start":{"line":24,"column":8},"end":{"line":24,"column":12}}},"5":{"name":"(anonymous_5)","line":38,"loc":{"start":{"line":38,"column":6},"end":{"line":38,"column":11}}},"6":{"name":"(anonymous_6)","line":48,"loc":{"start":{"line":48,"column":7},"end":{"line":48,"column":10}}},"7":{"name":"(anonymous_7)","line":52,"loc":{"start":{"line":52,"column":7},"end":{"line":52,"column":10}}},"8":{"name":"(anonymous_8)","line":58,"loc":{"start":{"line":58,"column":9},"end":{"line":58,"column":35}}},"9":{"name":"(anonymous_9)","line":64,"loc":{"start":{"line":64,"column":8},"end":{"line":64,"column":16}}}},"statementMap":{"1":{"start":{"line":6,"column":4},"end":{"line":6,"column":30}},"2":{"start":{"line":7,"column":4},"end":{"line":11,"column":5}},"3":{"start":{"line":8,"column":6},"end":{"line":10,"column":7}},"4":{"start":{"line":9,"column":8},"end":{"line":9,"column":19}},"5":{"start":{"line":13,"column":4},"end":{"line":13,"column":15}},"6":{"start":{"line":17,"column":4},"end":{"line":17,"column":39}},"7":{"start":{"line":17,"column":28},"end":{"line":17,"column":37}},"8":{"start":{"line":21,"column":4},"end":{"line":21,"column":38}},"9":{"start":{"line":21,"column":28},"end":{"line":21,"column":36}},"10":{"start":{"line":25,"column":4},"end":{"line":27,"column":5}},"11":{"start":{"line":26,"column":6},"end":{"line":26,"column":19}},"12":{"start":{"line":29,"column":4},"end":{"line":33,"column":5}},"13":{"start":{"line":30,"column":6},"end":{"line":32,"column":7}},"14":{"start":{"line":31,"column":8},"end":{"line":31,"column":21}},"15":{"start":{"line":35,"column":4},"end":{"line":35,"column":16}},"16":{"start":{"line":39,"column":4},"end":{"line":43,"column":5}},"17":{"start":{"line":40,"column":6},"end":{"line":42,"column":7}},"18":{"start":{"line":41,"column":8},"end":{"line":41,"column":17}},"19":{"start":{"line":45,"column":4},"end":{"line":45,"column":16}},"20":{"start":{"line":49,"column":4},"end":{"line":49,"column":38}},"21":{"start":{"line":53,"column":4},"end":{"line":53,"column":25}},"22":{"start":{"line":54,"column":4},"end":{"line":54,"column":19}},"23":{"start":{"line":55,"column":4},"end":{"line":55,"column":13}},"24":{"start":{"line":59,"column":4},"end":{"line":61,"column":5}},"25":{"start":{"line":60,"column":6},"end":{"line":60,"column":32}},"26":{"start":{"line":65,"column":4},"end":{"line":67,"column":5}},"27":{"start":{"line":66,"column":6},"end":{"line":66,"column":18}},"28":{"start":{"line":71,"column":0},"end":{"line":71,"column":29}}},"branchMap":{"1":{"line":8,"type":"if","locations":[{"start":{"line":8,"column":6},"end":{"line":8,"column":6}},{"start":{"line":8,"column":6},"end":{"line":8,"column":6}}]},"2":{"line":25,"type":"if","locations":[{"start":{"line":25,"column":4},"end":{"line":25,"column":4}},{"start":{"line":25,"column":4},"end":{"line":25,"column":4}}]},"3":{"line":30,"type":"if","locations":[{"start":{"line":30,"column":6},"end":{"line":30,"column":6}},{"start":{"line":30,"column":6},"end":{"line":30,"column":6}}]},"4":{"line":40,"type":"if","locations":[{"start":{"line":40,"column":6},"end":{"line":40,"column":6}},{"start":{"line":40,"column":6},"end":{"line":40,"column":6}}]},"5":{"line":59,"type":"if","locations":[{"start":{"line":59,"column":4},"end":{"line":59,"column":4}},{"start":{"line":59,"column":4},"end":{"line":59,"column":4}}]}},"code":["/**"," * This class extends the native ES6 Set class with some additional methods"," */","class ExtendedSet extends Set {","  filter(fn) {","    let res = new ExtendedSet;","    for (let x of this) {","      if (fn(x)) {","        res.add(x);","      }","    }","","    return res;","  }","","  difference(b) {","    return this.filter(x => !b.has(x));","  }","","  intersection(b) {","    return this.filter(x => b.has(x));","  }","","  equals(b) {","    if (this.size !== b.size) {","      return false;","    }","","    for (let x of this) {","      if (!b.has(x)) {","        return false;","      }","    }","","    return true;","  }","","  find(fn) {","    for (let x of this) {","      if (fn(x)) {","        return x;","      }","    }","","    return null;","  }","","  first() {","    return this.values().next().value;","  }","","  shift() {","    let v = this.first();","    this.delete(v);","    return v;","  }","","  replace(search, ...replacements) {","    if (this.delete(search)) {","      this.addAll(replacements);","    }","  }","","  addAll(items) {","    for (let x of items) {","      this.add(x);","    }","  }","}","","module.exports = ExtendedSet;",""],"l":{"6":4,"7":4,"8":4,"9":2,"13":4,"17":2,"21":0,"25":0,"26":0,"29":0,"30":0,"31":0,"35":0,"39":0,"40":0,"41":0,"45":0,"49":6,"53":4,"54":4,"55":4,"59":0,"60":0,"65":0,"66":0,"71":1}},"/home/travis/build/npmtest/node-npmtest-regexgen/node_modules/regexgen/src/regex.js":{"path":"/home/travis/build/npmtest/node-npmtest-regexgen/node_modules/regexgen/src/regex.js","s":{"1":1,"2":1,"3":0,"4":0,"5":0,"6":0,"7":0,"8":0,"9":0,"10":0,"11":0,"12":0,"13":0,"14":0,"15":0,"16":0,"17":0,"18":0,"19":0,"20":0,"21":0,"22":0,"23":0,"24":0,"25":1,"26":0,"27":1,"28":0,"29":0,"30":0,"31":0,"32":0,"33":0,"34":0,"35":0,"36":0,"37":0,"38":0,"39":0,"40":0,"41":0,"42":0,"43":0,"44":0,"45":0,"46":0,"47":0,"48":0,"49":1,"50":0,"51":0,"52":0,"53":0,"54":0,"55":0,"56":0,"57":0,"58":0,"59":0,"60":1,"61":0,"62":0,"63":0,"64":0,"65":0,"66":0,"67":0,"68":0,"69":0,"70":0,"71":0,"72":0,"73":0,"74":1,"75":0,"76":0,"77":0,"78":0,"79":0,"80":0,"81":0,"82":0,"83":0,"84":0,"85":0,"86":0,"87":0,"88":1},"b":{"1":[0,0],"2":[0,0],"3":[0,0],"4":[0,0],"5":[0,0],"6":[0,0],"7":[0,0,0],"8":[0,0],"9":[0,0],"10":[0,0],"11":[0,0],"12":[0,0],"13":[0,0],"14":[0,0],"15":[0,0],"16":[0,0],"17":[0,0],"18":[0,0],"19":[0,0],"20":[0,0],"21":[0,0],"22":[0,0],"23":[0,0],"24":[0,0],"25":[0,0],"26":[0,0],"27":[0,0],"28":[0,0],"29":[0,0],"30":[0,0],"31":[0,0],"32":[0,0,0],"33":[0,0],"34":[0,0],"35":[0,0],"36":[0,0],"37":[0,0],"38":[0,0],"39":[0,0],"40":[0,0],"41":[0,0,0],"42":[0,0],"43":[0,0,0]},"f":{"1":0,"2":0,"3":0,"4":0,"5":0,"6":0},"fnMap":{"1":{"name":"toRegex","line":11,"loc":{"start":{"line":11,"column":0},"end":{"line":11,"column":23}}},"2":{"name":"star","line":58,"loc":{"start":{"line":58,"column":0},"end":{"line":58,"column":19}}},"3":{"name":"union","line":65,"loc":{"start":{"line":65,"column":0},"end":{"line":65,"column":21}}},"4":{"name":"removeCommonSubstring","line":107,"loc":{"start":{"line":107,"column":0},"end":{"line":107,"column":43}}},"5":{"name":"commonSubstring","line":128,"loc":{"start":{"line":128,"column":0},"end":{"line":128,"column":37}}},"6":{"name":"concat","line":152,"loc":{"start":{"line":152,"column":0},"end":{"line":152,"column":22}}}},"statementMap":{"1":{"start":{"line":1,"column":0},"end":{"line":1,"column":86}},"2":{"start":{"line":11,"column":0},"end":{"line":53,"column":1}},"3":{"start":{"line":12,"column":2},"end":{"line":12,"column":40}},"4":{"start":{"line":17,"column":2},"end":{"line":17,"column":13}},"5":{"start":{"line":18,"column":2},"end":{"line":18,"column":13}},"6":{"start":{"line":20,"column":2},"end":{"line":31,"column":3}},"7":{"start":{"line":21,"column":4},"end":{"line":21,"column":22}},"8":{"start":{"line":22,"column":4},"end":{"line":24,"column":5}},"9":{"start":{"line":23,"column":6},"end":{"line":23,"column":29}},"10":{"start":{"line":26,"column":4},"end":{"line":26,"column":14}},"11":{"start":{"line":27,"column":4},"end":{"line":30,"column":5}},"12":{"start":{"line":28,"column":6},"end":{"line":28,"column":32}},"13":{"start":{"line":29,"column":6},"end":{"line":29,"column":74}},"14":{"start":{"line":34,"column":2},"end":{"line":50,"column":3}},"15":{"start":{"line":35,"column":4},"end":{"line":40,"column":5}},"16":{"start":{"line":36,"column":6},"end":{"line":36,"column":41}},"17":{"start":{"line":37,"column":6},"end":{"line":39,"column":7}},"18":{"start":{"line":38,"column":8},"end":{"line":38,"column":49}},"19":{"start":{"line":42,"column":4},"end":{"line":49,"column":5}},"20":{"start":{"line":43,"column":6},"end":{"line":48,"column":7}},"21":{"start":{"line":44,"column":8},"end":{"line":44,"column":50}},"22":{"start":{"line":45,"column":8},"end":{"line":47,"column":9}},"23":{"start":{"line":46,"column":10},"end":{"line":46,"column":61}},"24":{"start":{"line":52,"column":2},"end":{"line":52,"column":25}},"25":{"start":{"line":58,"column":0},"end":{"line":60,"column":1}},"26":{"start":{"line":59,"column":2},"end":{"line":59,"column":47}},"27":{"start":{"line":65,"column":0},"end":{"line":102,"column":1}},"28":{"start":{"line":66,"column":2},"end":{"line":99,"column":3}},"29":{"start":{"line":68,"column":4},"end":{"line":68,"column":24}},"30":{"start":{"line":69,"column":4},"end":{"line":69,"column":57}},"31":{"start":{"line":70,"column":4},"end":{"line":70,"column":53}},"32":{"start":{"line":73,"column":4},"end":{"line":88,"column":5}},"33":{"start":{"line":74,"column":6},"end":{"line":74,"column":51}},"34":{"start":{"line":75,"column":11},"end":{"line":88,"column":5}},"35":{"start":{"line":76,"column":6},"end":{"line":76,"column":60}},"36":{"start":{"line":77,"column":11},"end":{"line":88,"column":5}},"37":{"start":{"line":78,"column":6},"end":{"line":78,"column":60}},"38":{"start":{"line":81,"column":6},"end":{"line":81,"column":50}},"39":{"start":{"line":82,"column":6},"end":{"line":82,"column":50}},"40":{"start":{"line":83,"column":6},"end":{"line":87,"column":7}},"41":{"start":{"line":84,"column":8},"end":{"line":84,"column":36}},"42":{"start":{"line":86,"column":8},"end":{"line":86,"column":36}},"43":{"start":{"line":90,"column":4},"end":{"line":92,"column":5}},"44":{"start":{"line":91,"column":6},"end":{"line":91,"column":55}},"45":{"start":{"line":94,"column":4},"end":{"line":96,"column":5}},"46":{"start":{"line":95,"column":6},"end":{"line":95,"column":53}},"47":{"start":{"line":98,"column":4},"end":{"line":98,"column":15}},"48":{"start":{"line":101,"column":2},"end":{"line":101,"column":16}},"49":{"start":{"line":107,"column":0},"end":{"line":123,"column":1}},"50":{"start":{"line":108,"column":2},"end":{"line":108,"column":46}},"51":{"start":{"line":109,"column":2},"end":{"line":109,"column":46}},"52":{"start":{"line":110,"column":2},"end":{"line":112,"column":3}},"53":{"start":{"line":111,"column":4},"end":{"line":111,"column":24}},"54":{"start":{"line":114,"column":2},"end":{"line":114,"column":40}},"55":{"start":{"line":115,"column":2},"end":{"line":117,"column":3}},"56":{"start":{"line":116,"column":4},"end":{"line":116,"column":22}},"57":{"start":{"line":119,"column":2},"end":{"line":119,"column":40}},"58":{"start":{"line":120,"column":2},"end":{"line":120,"column":40}},"59":{"start":{"line":122,"column":2},"end":{"line":122,"column":19}},"60":{"start":{"line":128,"column":0},"end":{"line":147,"column":1}},"61":{"start":{"line":129,"column":2},"end":{"line":129,"column":38}},"62":{"start":{"line":130,"column":2},"end":{"line":130,"column":20}},"63":{"start":{"line":131,"column":2},"end":{"line":131,"column":20}},"64":{"start":{"line":132,"column":2},"end":{"line":132,"column":40}},"65":{"start":{"line":133,"column":2},"end":{"line":133,"column":37}},"66":{"start":{"line":134,"column":2},"end":{"line":134,"column":40}},"67":{"start":{"line":135,"column":2},"end":{"line":135,"column":37}},"68":{"start":{"line":136,"column":2},"end":{"line":136,"column":15}},"69":{"start":{"line":138,"column":2},"end":{"line":144,"column":3}},"70":{"start":{"line":139,"column":4},"end":{"line":143,"column":5}},"71":{"start":{"line":140,"column":6},"end":{"line":140,"column":19}},"72":{"start":{"line":142,"column":6},"end":{"line":142,"column":24}},"73":{"start":{"line":146,"column":2},"end":{"line":146,"column":13}},"74":{"start":{"line":152,"column":0},"end":{"line":179,"column":1}},"75":{"start":{"line":153,"column":2},"end":{"line":155,"column":3}},"7
[...]
;","","    // If a or b is empty, make an optional group instead","    if (a.isEmpty || b.isEmpty) {","      res = new Repetition(a.isEmpty ? b : a, '?');","    } else if (a instanceof Repetition && a.type === '?') {","      res = new Repetition(new Alternation(a.expr, b), '?');","    } else if (b instanceof Repetition && b.type === '?') {","      res = new Repetition(new Alternation(a, b.expr), '?');","    } else {","      // Check if we can make a character class instead of an alternation","      let ac = a.getCharClass && a.getCharClass();","      let bc = b.getCharClass && b.getCharClass();","      if (ac && bc) {","        res = new CharClass(ac, bc);","      } else {","        res = new Alternation(a, b);","      }","    }","","    if (start) {","      res = new Concatenation(new Literal(start), res);","    }","","    if (end) {","      res = new Concatenation(res, new Literal(end));","    }","","    return res;","  }","","  return a || b;","}","","/**"," * Removes the common prefix or suffix from the two expressions"," */","function removeCommonSubstring(a, b, side) {","  let al = a.getLiteral && a.getLiteral(side);","  let bl = b.getLiteral && b.getLiteral(side);","  if (!al || !bl) {","    return [a, b, null];","  }","","  let s = commonSubstring(al, bl, side);","  if (!s) {","    return [a, b, ''];","  }","","  a = a.removeSubstring(side, s.length);","  b = b.removeSubstring(side, s.length);","","  return [a, b, s];","}","","/**"," * Finds the common prefix or suffix between to strings"," */","function commonSubstring(a, b, side) {","  let dir = side === 'start' ? 1 : -1;","  a = Array.from(a);","  b = Array.from(b);","  let ai = dir === 1 ? 0 : a.length - 1;","  let ae = dir === 1 ? a.length : -1;","  let bi = dir === 1 ? 0 : b.length - 1;","  let be = dir === 1 ? b.length : -1;","  let res = '';","","  for (; ai !== ae && bi !== be && a[ai] === b[bi]; ai += dir, bi += dir) {","    if (dir === 1) {","      res += a[ai];","    } else {","      res = a[ai] + res;","    }","  }","","  return res;","}","","/**"," * Creates a concatenation between expressions a and b"," */","function concat(a, b) {","  if (a == null || b == null) {","    return null;","  }","","  if (a.isEmpty) {","    return b;","  }","","  if (b.isEmpty) {","    return a;","  }","","  // Combine literals","  if (a instanceof Literal && b instanceof Literal) {","    return new Literal(a.value + b.value);","  }","","  if (a instanceof Literal && b instanceof Concatenation && b.a instanceof Literal) {","    return new Concatenation(new Literal(a.value + b.a.value), b.b);","  }","","  if (b instanceof Literal && a instanceof Concatenation && a.b instanceof Literal) {","    return new Concatenation(a.a, new Literal(a.b.value + b.value));","  }","","  return new Concatenation(a, b);","}","","module.exports = toRegex;",""],"l":{"1":1,"11":1,"12":0,"17":0,"18":0,"20":0,"21":0,"22":0,"23":0,"26":0,"27":0,"28":0,"29":0,"34":0,"35":0,"36":0,"37":0,"38":0,"42":0,"43":0,"44":0,"45":0,"46":0,"52":0,"58":1,"59":0,"65":1,"66":0,"68":0,"69":0,"70":0,"73":0,"74":0,"75":0,"76":0,"77":0,"78":0,"81":0,"82":0,"83":0,"84":0,"86":0,"90":0,"91":0,"94":0,"95":0,"98":0,"101":0,"107":1,"108":0,"109":0,"110":0,"111":0,"114":0,"115":0,"116":0,"119":0,"120":0,"122":0,"128":1,"129":0,"130":0,"131":0,"132":0,"133":0,"134":0,"135":0,"136":0,"138":0,"139":0,"140":0,"142":0,"146":0,"152":1,"153":0,"154":0,"157":0,"158":0,"161":0,"162":0,"166":0,"167":0,"170":0,"171":0,"174":0,"175":0,"178":0,"181":1}},"/home/travis/build/npmtest/node-npmtest-regexgen/node_modules/regexgen/src/ast.js":{"path":"/home/travis/build/npmtest/node-npmtest-regexgen/node_modules/regexgen/src/ast.js","s":{"1":1,"2":1,"3":0,"4":0,"5":0,"6":0,"7":0,"8":0,"9":0,"10":0,"11":0,"12":0,"13":0,"14":0,"15":0,"16":0,"17":0,"18":0,"19":0,"20":0,"21":0,"22":0,"23":0,"24":0,"25":0,"26":0,"27":0,"28":0,"29":0,"30":0,"31":0,"32":0,"33":0,"34":0,"35":0,"36":0,"37":0,"38":0,"39":0,"40":0,"41":0,"42":0,"43":0,"44":0,"45":0,"46":0,"47":0,"48":0,"49":0,"50":0,"51":1,"52":0,"53":0,"54":0,"55":0,"56":1,"57":1,"58":1,"59":1,"60":1},"b":{"1":[0,0],"2":[0,0],"3":[0,0],"4":[0,0],"5":[0,0],"6":[0,0],"7":[0,0],"8":[0,0],"9":[0,0],"10":[0,0],"11":[0,0],"12":[0,0],"13":[0,0],"14":[0,0],"15":[0,0],"16":[0,0]},"f":{"1":0,"2":0,"3":0,"4":0,"5":0,"6":0,"7":0,"8":0,"9":0,"10":0,"11":0,"12":0,"13":0,"14":0,"15":0,"16":0,"17":0,"18":0,"19":0,"20":0,"21":0,"22":0,"23":0,"24":0,"25":0},"fnMap":{"1":{"name":"(anonymous_1)","line":8,"loc":{"start":{"line":8,"column":13},"end":{"line":8,"column":26}}},"2":{"name":"(anonymous_2)","line":14,"loc":{"start":{"line":14,"column":9},"end":{"line":14,"column":19}}},"3":{"name":"(anonymous_3)","line":20,"loc":{"start":{"line":20,"column":10},"end":{"line":20,"column":13}}},"4":{"name":"(anonymous_4)","line":29,"loc":{"start":{"line":29,"column":13},"end":{"line":29,"column":20}}},"5":{"name":"(anonymous_5)","line":34,"loc":{"start":{"line":34,"column":12},"end":{"line":34,"column":15}}},"6":{"name":"(anonymous_6)","line":38,"loc":{"start":{"line":38,"column":10},"end":{"line":38,"column":13}}},"7":{"name":"(anonymous_7)","line":42,"loc":{"start":{"line":42,"column":14},"end":{"line":42,"column":17}}},"8":{"name":"(anonymous_8)","line":46,"loc":{"start":{"line":46,"column":23},"end":{"line":46,"column":26}}},"9":{"name":"(anonymous_9)","line":55,"loc":{"start":{"line":55,"column":13},"end":{"line":55,"column":20}}},"10":{"name":"(anonymous_10)","line":61,"loc":{"start":{"line":61,"column":12},"end":{"line":61,"column":15}}},"11":{"name":"(anonymous_11)","line":65,"loc":{"start":{"line":65,"column":10},"end":{"line":65,"column":13}}},"12":{"name":"(anonymous_12)","line":69,"loc":{"start":{"line":69,"column":12},"end":{"line":69,"column":19}}},"13":{"name":"(anonymous_13)","line":79,"loc":{"start":{"line":79,"column":17},"end":{"line":79,"column":29}}},"14":{"name":"(anonymous_14)","line":97,"loc":{"start":{"line":97,"column":13},"end":{"line":97,"column":26}}},"15":{"name":"(anonymous_15)","line":103,"loc":{"start":{"line":103,"column":12},"end":{"line":103,"column":15}}},"16":{"name":"(anonymous_16)","line":107,"loc":{"start":{"line":107,"column":10},"end":{"line":107,"column":13}}},"17":{"name":"(anonymous_17)","line":116,"loc":{"start":{"line":116,"column":13},"end":{"line":116,"column":21}}},"18":{"name":"(anonymous_18)","line":121,"loc":{"start":{"line":121,"column":13},"end":{"line":121,"column":16}}},"19":{"name":"(anonymous_19)","line":125,"loc":{"start":{"line":125,"column":23},"end":{"line":125,"column":26}}},"20":{"name":"(anonymous_20)","line":129,"loc":{"start":{"line":129,"column":12},"end":{"line":129,"column":15}}},"21":{"name":"(anonymous_21)","line":133,"loc":{"start":{"line":133,"column":10},"end":{"line":133,"column":13}}},"22":{"name":"(anonymous_22)","line":137,"loc":{"start":{"line":137,"column":14},"end":{"line":137,"column":17}}},"23":{"name":"(anonymous_23)","line":143,"loc":{"start":{"line":143,"column":12},"end":{"line":143,"column":15}}},"24":{"name":"(anonymous_24)","line":147,"loc":{"start":{"line":147,"column":17},"end":{"line":147,"column":29}}},"25":{"name":"parens","line":158,"loc":{"start":{"line":158,"column":0},"end":{"line":158,"column":29}}}},"statementMap":{"1":{"start":{"line":1,"column":0},"end":{"line":1,"column":31}},"2":{"start":{"line":2,"column":0},"end":{"line":2,"column":41}},"3":{"start":{"line":9,"column":4},"end":{"line":9,"column":24}},"4":{"start":{"line":10,"column":4},"end":{"line":10,"column":41}},"5":{"start":{"line":11,"column":4},"end":{"line":11,"column":53}},"6":{"start":{"line":11,"column":32},"end":{"line":11,"column":51}},"7":{"start":{"line":15,"column":4},"end":{"line":17,"column":11}},"8":{"start":{"line":15,"column":43},"end":{"line":17,"column":5}},"9":{"start":{"line":21,"column":4},"end":{"line":21,"column":60}},"10":{"start":{"line":21,"column":33},"end":{"line":21,"column":48}},"11":{"start":{"line":30,"column":4},"end":{"line":30,"column":24}},"12":{"start":{"line":31,"column":4},"end":{"line":31,"column":32}},"13":{"start":{"line":35,"column":4},"end":{"line":35,"column":13}},"14":{"start":{"line":39,"column":4},"end":{"line":39,"column":31}},"15":{"start":{"line":43,"column":4},"end":{"line":43,"column":20}},"16":{"start":{"line":47,"column":4},"end":{"line":47,"column":53}},"17":{"start":{"line":47,"column":41},"end":{"line":47,"column":51}},"18":{"start":{"line":56,"column":4},"end":{"line":56,"column":24}},"19":{"start":{"line":57,"column":4},"end":{"line":57,"column":15}},"20":{"start":{"line":58,"column":4},"end":{"line":58,"column":15}},"21":{"start":{"line":62,"column":4},"end":{"line":62,"column":41}},"22":{"start":{"line":66,"column":4},"end":{"line":66,"column":55}},"23":{"start":{"line":70,"column":4},"end":{"line":72,"column":5}},"24":{"start":{"line":71,"column":6},"end":{"line":71,"column":37}},"25":{"start":{"line":74,"column":4},"end":{"line":76,"column":5}},"26":{"start":{"line":75,"column":6},"end":{"line":75,"column":37}},"27":{"start":{"line":80,"column":4},"end":{"line":80,"column":22}},"28":{"start":{"line":81,"column":4},"end":{"line":83,"column":5}},"29":{"start":{"line":82,"column":6},"end":{"line":82,"column":39}},"30":{"start":{"line":85,"column":4},"end":{"line":87,"column":5}},"31":{"start":{"line":86,"column":6},"end":{"line":86,"column":39}},"32":{"start":{"line":89,"column":4},"end":{"line":89,"column":67}},"33":{"start":{"line":98,"column":4},"end":{"line":98,"column":24}},"34":{"start":{"line":99,"column":4},"end":{"line":99,"column":21}},"35":{"start":{"line":100,"column":4},"end":{"line":100,"column":21}},"36":{"start":{"line":104,"column":4},"end":{"line":104,"column":28}},"37":{"start":{"line":108,"column":4},"end":{"line":108,"column":47}},"38":{"start":{"line":117,"column":4},"end":{"line":117,"column":24}},"39":{"start":{"line":118,"column":4},"end":{"line":118,"column":23}},"40":{"start":{"line":122,"column":4},"end":{"line":122,"column":23}},"41":{"start":{"line":126,"column":4},"end":{"line":126,"column":29}},"42":{"start":{"line":130,"column":4},"end":{"line":130,"column":29}},"43":{"start":{"line":134,"column":4},"end":{"line":134,"column":90}},"44":{"start":{"line":138,"column":4},"end":{"line":140,"column":5}},"45":{"start":{"line":139,"column":6},"end":{"line":139,"column":24}},"46":{"start":{"line":144,"column":4},"end":{"line":144,"column":22}},"47":{"start":{"line":148,"column":4},"end":{"line":150,"column":5}},"48":{"start":{"line":149,"column":6},"end":{"line":149,"column":48}},"49":{"start":{"line":152,"column":4},"end":{"line":154,"column":5}},"50":{"start":{"line":153,"column":6},"end":{"line":153,"column":71}},"51":{"start":{"line":158,"column":0},"end":{"line":165,"column":1}},"52":{"start":{"line":159,"column":2},"end":{"line":159,"column":27}},"53":{"start":{"line":160,"column":2},"end":{"line":162,"column":3}},"54":{"start":{"line":161,"column":4},"end":{"line":161,"column":29}},"55":{"start":{"line":164,"column":2},"end":{"line":164,"column":13}},"56":{"start":{"line":167,"column":0},"end":{"line":167,"column":34}},"57":{"start":{"line":168,"column":0},"end":{"line":168,"column":30}},"58":{"start":{"line":169,"column":0},"end":{"line":169,"column":38}},"59":{"start":{"line":170,"column":0},"end":{"line":170,"column":32}},"60":{"start":{"line":171,"column":0},"end":{"line":171,"column":26}}},"branchMap":{"1":{"line":16,"type":"cond-expr","locations":[{"start":{"line":16,"column":38},"end":{"line":16,"column":66}},{"start":{"line":16,"column":69},"end":{"line":16,"column":75}}]},"2":{"line":70,"type":"if","locations":[{"start":{"line":70,"column":4},"end":{"line":70,"column":4}},{"start":{"line":70,"column":4},"end":{"line":70,"column":4}}]},"3":{"line":70,"type":"binary-expr","locations":[{"start":{"line":70,"column":8},"end":{"line":70,"column":24}},{"start":{"line":70,"column":28},"end":{"line":70,"column":45}}]},"4":{"line":74,"type":"if","locations":[{"start":{"line":74,"column":4},"end":{"line":74,"column":4}},{"start":{"line":74,"column":4},"end":{"line":74,"column":4}}]},"5":{"line":74,"type":"binary-expr","locations":[{"start":{"line":74,"column":8},"end":{"line":74,"column":22}},{"start":{"line":74,"column":26},"end":{"line":74,"column":43}}]},"6":{"line":81,"type":"if","locations":[{"start":{"line":81,"column":4},"end":{"line":81,"column":4}},{"start":{"line":81,"column":4},"end":{"line":81,"column":4}}]},"7":{"line":81,"type":"binary-expr","locations":[{"start":{"line":81,"column":8},"end":{"line":81,"column":24}},{"start":{"line":81,"column":28},"end":{"line":81,"column":45}}]},"8":{"line":85,"type":"if","locations":[{"start":{"line":85,"column":4},"end":{"line":85,"column":4}},{"start":{"line":85,"column":4},"end":{"line":85,"column":4}}]},"9":{"line":85,"type":"binary-expr","locations":[{"start":{"line":85,"column":8},"end":{"line":85,"column":22}},{"start":{"line":85,"column":26},"end":{"line":85,"column":43}}]},"10":{"line":89,"type":"cond-expr","locations":[{"start":{"line":89,"column":23},"end":{"line":89,"column":24}},{"start":{"line":89,"column":27},"end":{"line":89,"column":66}}]},"11":{"line":89,"type":"cond-expr","locations":[{"start":{"line":89,"column":39},"end":{"line":89,"column":40}},{"start":{"line":89,"column":43},"end":{"line":89,"column":66}}]},"12":{"line":138,"type":"if","locations":[{"start":{"line":138,"column":4},"end":{"line":138,"column":4}},{"start":{"line":138,"column":4},"end":{"line":138,"column":4}}]},"13":{"line":148,"type":"if","locations":[{"start":{"line":148,"column":4},"end":{"line":148,"column":4}},{"start":{"line":148,"column":4},"end":{"line":148,"column":4}}]},"14":{"line":152,"type":"if","locations":[{"start":{"line":152,"column":4},"end":{"line":152,"column":4}},{"start":{"line":152,"column":4},"end":{"line":152,"column":4}}]},"15":{"line":160,"type":"if","locations":[{"start":{"line":160,"column":2},"end":{"line":160,"column":2}},{"start":{"line":160,"column":2},"end":{"line":160,"column":2}}]},"16":{"line":160,"type":"binary-expr","locations":[{"start":{"line":160,"column":6},"end":{"line":160,"column":40}},{"start":{"line":160,"column":44},"end":{"line":160,"column":66}}]}},"code":["const jsesc = require('jsesc');","const regenerate = require('regenerate');","","/**"," * Represents an alternation (e.g. `foo|bar`)"," */","class Alternation {","  constructor(...options) {","    this.precedence = 1;","    this.options = this.flatten(options);","    this.options.sort((a, b) => b.length - a.length);","  }","","  flatten(options) {","    return options.reduce((res, option) => res.concat(","      option instanceof Alternation ? this.flatten(option.options) : option","    ), []);","  }","","  toString() {","    return this.options.map(o => parens(o, this)).join('|');","  }","}","","/**"," * Represents a character class (e.g. [0-9a-z])"," */","class CharClass {","  constructor(a, b) {","    this.precedence = 1;","    this.set = regenerate(a, b);","  }","","  get length() {","    return 1;","  }","","  toString() {","    return this.set.toString();","  }","","  getCharClass() {","    return this.set;","  }","","  get isSingleCharacter() {","    return !this.set.toArray().some(c => c > 0xffff);","  }","}","","/**"," * Represents a concatenation (e.g. `foo`)"," */","class Concatenation {","  constructor(a, b) {","    this.precedence = 2;","    this.a = a;","    this.b = b;","  }","","  get length() {","    return this.a.length + this.b.length;","  }","","  toString() {","    return parens(this.a, this) + parens(this.b, this);","  }","","  getLiteral(side) {","    if (side === 'start' && this.a.getLiteral) {","      return this.a.getLiteral(side);","    }","","    if (side === 'end' && this.b.getLiteral) {","      return this.b.getLiteral(side);","    }","  }","","  removeSubstring(side, len) {","    let {a, b} = this;","    if (side === 'start' && a.removeSubstring) {","      a = a.removeSubstring(side, len);","    }","","    if (side === 'end' && b.removeSubstring) {","      b = b.removeSubstring(side, len);","    }","","    return a.isEmpty ? b : b.isEmpty ? a : new Concatenation(a, b);","  }","}","","/**"," * Represents a repetition (e.g. `a*` or `a?`)"," */","class Repetition {","  constructor(expr, type) {","    this.precedence = 3;","    this.expr = expr;","    this.type = type;","  }","","  get length() {","    return this.expr.length;","  }","","  toString() {","    return parens(this.expr, this) + this.type;","  }","}","","/**"," * Represents a literal (e.g. a string)"," */","class Literal {","  constructor(value) {","    this.precedence = 2;","    this.value = value;","  }","","  get isEmpty() {","    return !this.value;","  }","","  get isSingleCharacter() {","    return this.length === 1;","  }","","  get length() {","    return this.value.length;","  }","","  toString() {","    return jsesc(this.value).replace(/([\\t\\n\\f\\r\\$\\(\\)\\*\\+\\-\\.\\?\\[\\]\\^\\{\\|\\}])/g, '\\\\$1');","  }","","  getCharClass() {","    if (Array.from(this.value).length === 1) {","      return this.value;","    }","  }","","  getLiteral() {","    return this.value;","  }","","  removeSubstring(side, len) {","    if (side === 'start') {","      return new Literal(this.value.slice(len));","    }","","    if (side === 'end') {","      return new Literal(this.value.slice(0, this.value.length - len));","    }","  }","}","","function parens(exp, parent) {","  let str = exp.toString();","  if (exp.precedence < parent.precedence && !exp.isSingleCharacter) {","    return '(?:' + str + ')';","  }","","  return str;","}","","exports.Alternation = Alternation;","exports.CharClass = CharClass;","exports.Concatenation = Concatenation;","exports.Repetition = Repetition;","exports.Literal = Literal;",""],"l":{"1":1,"2":1,"9":0,"10":0,"11":0,"15":0,"21":0,"30":0,"31":0,"35":0,"39":0,"43":0,"47":0,"56":0,"57":0,"58":0,"62":0,"66":0,"70":0,"71":0,"74":0,"75":0,"80":0,"81":0,"82":0,"85":0,"86":0,"89":0,"98":0,"99":0,"100":0,"104":0,"108":0,"117":0,"118":0,"122":0,"126":0,"130":0,"134":0,"138":0,"139":0,"144":0,"148":0,"149":0,"152":0,"153":0,"158":1,"159":0,"160":0,"161":0,"164":0,"167":1,"168":1,"169":1,"170":1,"171":1}},"/home/travis/build/npmtest/node-npmtest-regexgen/node_modules/regexgen/bin/cli.js":{"path":"/home/travis/build/npmtest/node-npmtest-regexgen/node_modules/regexgen/bin/cli.js","s":{"1":2,"2":2,"3":2,"4":2,"5":0,"6":2,"7":2,"8":2,"9":2},"b":{"1":[0,2],"2":[2,0],"3":[2,0]},"f":{},"fnMap":{},"statementMap":{"1":{"start":{"line":3,"column":0},"end":{"line":3,"column":32}},"2":{"start":{"line":5,"column":0},"end":{"line":5,"column":33}},"3":{"start":{"line":6,"column":0},"end":{"line":6,"column":15}},"4":{"start":{"line":7,"column":0},"end":{"line":9,"column":1}},"5":{"start":{"line":8,"column":2},"end":{"line":8,"column":32}},"6":{"start":{"line":11,"column":0},"end":{"line":14,"column":1}},"7":{"start":{"line":12,"column":2},"end":{"line":12,"column":69}},"8":{"start":{"line":13,"column":2},"end":{"line":13,"column":18}},"9":{"start":{"line":16,"column":0},"end":{"line":16,"column":35}}},"branchMap":{"1":{"line":7,"type":"if","locations":[{"start":{"line":7,"column":0},"end":{"line":7,"column":0}},{"start":{"line":7,"column":0},"end":{"line":7,"column":0}}]},"2":{"line":7,"type":"binary-expr","locations":[{"start":{"line":7,"column":4},"end":{"line":7,"column":15}},{"start":{"line":7,"column":19},"end":{"line":7,"column":37}}]},"3":{"line":11,"type":"if","locations":[{"start":{"line":11,"column":0},"end":{"line":11,"column":0}},{"start":{"line":11,"column":0},"end":{"line":11,"column":0}}]}},"code":["//#!/usr/bin/env node","","const regexgen = require('../');","","let args = process.argv.slice(2);","let flags = '';","if (args.length && args[0][0] === '-') {","  flags = args.shift().slice(1);","}","","if (args.length === 0) {","  console.log('Usage: regexgen [-gimuy] string1 string2 string3...');","  process.exit(1);","}","","console.log(regexgen(args, flags));",""],"l":{"3":2,"5":2,"6":2,"7":2,"8":0,"11":2,"12":2,"13":2,"16":2}}}